#
# There is insufficient memory for the Java Runtime Environment to continue.
# Native memory allocation (mmap) failed to map 17825792 bytes. Error detail: G1 virtual space
# Possible reasons:
#   The system is out of physical RAM or swap space
#   This process is running with CompressedOops enabled, and the Java Heap may be blocking the growth of the native heap
# Possible solutions:
#   Reduce memory load on the system
#   Increase physical memory or swap space
#   Check if swap backing store is full
#   Decrease Java heap size (-Xmx/-Xms)
#   Decrease number of Java threads
#   Decrease Java thread stack sizes (-Xss)
#   Set larger code cache with -XX:ReservedCodeCacheSize=
#   JVM is running with Unscaled Compressed Oops mode in which the Java heap is
#     placed in the first 4GB address space. The Java Heap base address is the
#     maximum limit for the native heap growth. Please use -XX:HeapBaseMinAddress
#     to set the Java Heap base and to place the Java Heap above 4GB virtual address.
# This output file may be truncated or incomplete.
#
#  Out of Memory Error (os_windows.cpp:3828), pid=2028, tid=18452
#
# JRE version: OpenJDK Runtime Environment (21.0.5) (build 21.0.5+-12932927-b750.29)
# Java VM: OpenJDK 64-Bit Server VM (21.0.5+-12932927-b750.29, mixed mode, tiered, compressed oops, compressed class ptrs, g1 gc, windows-amd64)
# No core dump will be written. Minidumps are not enabled by default on client versions of Windows
#

---------------  S U M M A R Y ------------

Command Line: --add-opens=java.base/java.lang=ALL-UNNAMED --add-opens=java.base/java.lang.invoke=ALL-UNNAMED --add-opens=java.base/java.util=ALL-UNNAMED --add-opens=java.prefs/java.util.prefs=ALL-UNNAMED --add-exports=jdk.compiler/com.sun.tools.javac.api=ALL-UNNAMED --add-exports=jdk.compiler/com.sun.tools.javac.util=ALL-UNNAMED --add-opens=java.base/java.util=ALL-UNNAMED --add-opens=java.prefs/java.util.prefs=ALL-UNNAMED --add-opens=java.base/java.nio.charset=ALL-UNNAMED --add-opens=java.base/java.net=ALL-UNNAMED --add-opens=java.base/java.util.concurrent.atomic=ALL-UNNAMED --add-opens=java.xml/javax.xml.namespace=ALL-UNNAMED -Xmx2048m -Dfile.encoding=UTF-8 -Duser.country=ID -Duser.language=en -Duser.variant -javaagent:C:\Users\HP\.gradle\wrapper\dists\gradle-8.11.1-bin\bpt9gzteqjrbo1mjrsomdt32c\gradle-8.11.1\lib\agents\gradle-instrumentation-agent-8.11.1.jar org.gradle.launcher.daemon.bootstrap.GradleDaemon 8.11.1

Host: 11th Gen Intel(R) Core(TM) i3-1125G4 @ 2.00GHz, 8 cores, 7G,  Windows 11 , 64 bit Build 26100 (10.0.26100.3912)
Time: Mon May 26 21:06:44 2025 Malay Peninsula Standard Time elapsed time: 27.993989 seconds (0d 0h 0m 27s)

---------------  T H R E A D  ---------------

Current thread (0x0000013fbdb88690):  VMThread "VM Thread"          [id=18452, stack(0x0000001730500000,0x0000001730600000) (1024K)]

Stack: [0x0000001730500000,0x0000001730600000]
Native frames: (J=compiled Java code, j=interpreted, Vv=VM code, C=native code)
V  [jvm.dll+0x6cfb29]
V  [jvm.dll+0x85ded3]
V  [jvm.dll+0x86042e]
V  [jvm.dll+0x860b13]
V  [jvm.dll+0x27e6b6]
V  [jvm.dll+0x6cc385]
V  [jvm.dll+0x6c078a]
V  [jvm.dll+0x35525b]
V  [jvm.dll+0x35ceb6]
V  [jvm.dll+0x3aedd6]
V  [jvm.dll+0x3af0a8]
V  [jvm.dll+0x32792c]
V  [jvm.dll+0x32a336]
V  [jvm.dll+0x33426d]
V  [jvm.dll+0x36b8e5]
V  [jvm.dll+0x866898]
V  [jvm.dll+0x867c14]
V  [jvm.dll+0x868150]
V  [jvm.dll+0x8683e3]
V  [jvm.dll+0x806368]
V  [jvm.dll+0x6ce3fd]
C  [ucrtbase.dll+0x37b0]
C  [KERNEL32.DLL+0x2e8d7]
C  [ntdll.dll+0x9c5dc]

VM_Operation (0x00000017300ff3e0): G1PauseRemark, mode: safepoint, requested by thread 0x0000013fa63a5470


---------------  P R O C E S S  ---------------

Threads class SMR info:
_java_thread_list=0x0000013fc6cdd190, length=58, elements={
0x0000013fa4087640, 0x0000013fbdbb1c10, 0x0000013fbdbd6e60, 0x0000013fbdbe0bb0,
0x0000013fbdbe1210, 0x0000013fbdbe53a0, 0x0000013fbdc085c0, 0x0000013fbdc0b2f0,
0x0000013fbdc0d1c0, 0x0000013fbdd60650, 0x0000013fbdf25cb0, 0x0000013fc3ab2fe0,
0x0000013fc39b42d0, 0x0000013fc3e06750, 0x0000013fc3bed840, 0x0000013fc3bedea0,
0x0000013fc3e3df00, 0x0000013fc3e432a0, 0x0000013fc3c97290, 0x0000013fc3c31530,
0x0000013fc3c2faf0, 0x0000013fc3c30ea0, 0x0000013fc3c2edd0, 0x0000013fc3c30810,
0x0000013fc3c2f460, 0x0000013fc3c31bc0, 0x0000013fc3c30180, 0x0000013fc3c2e740,
0x0000013fbdeab1e0, 0x0000013fbdead2b0, 0x0000013fbdeab870, 0x0000013fbdea9e30,
0x0000013fbdeaab50, 0x0000013fbdeabf00, 0x0000013fbdeaa4c0, 0x0000013fbdeaf380,
0x0000013fbdeae660, 0x0000013fbdeaecf0, 0x0000013fbdeacc20, 0x0000013fbdeac590,
0x0000013fbdead940, 0x0000013fbdeb1450, 0x0000013fc65bf3a0, 0x0000013fc65c0750,
0x0000013fc65c0de0, 0x0000013fc65be680, 0x0000013fc65bed10, 0x0000013fc65c00c0,
0x0000013fc65bfa30, 0x0000013fc65c1470, 0x0000013fc65bdff0, 0x0000013fc5fb0380,
0x0000013fc5fb1dc0, 0x0000013fc5fb2450, 0x0000013fc5fb2ae0, 0x0000013fc5fb1730,
0x0000013fc5fb3170, 0x0000013fc5fafcf0
}

Java Threads: ( => current thread )
  0x0000013fa4087640 JavaThread "main"                              [_thread_blocked, id=18096, stack(0x000000172fe00000,0x000000172ff00000) (1024K)]
  0x0000013fbdbb1c10 JavaThread "Reference Handler"          daemon [_thread_blocked, id=8060, stack(0x0000001730600000,0x0000001730700000) (1024K)]
  0x0000013fbdbd6e60 JavaThread "Finalizer"                  daemon [_thread_blocked, id=15116, stack(0x0000001730700000,0x0000001730800000) (1024K)]
  0x0000013fbdbe0bb0 JavaThread "Signal Dispatcher"          daemon [_thread_blocked, id=12304, stack(0x0000001730800000,0x0000001730900000) (1024K)]
  0x0000013fbdbe1210 JavaThread "Attach Listener"            daemon [_thread_blocked, id=1528, stack(0x0000001730900000,0x0000001730a00000) (1024K)]
  0x0000013fbdbe53a0 JavaThread "Service Thread"             daemon [_thread_blocked, id=11176, stack(0x0000001730a00000,0x0000001730b00000) (1024K)]
  0x0000013fbdc085c0 JavaThread "Monitor Deflation Thread"   daemon [_thread_blocked, id=7756, stack(0x0000001730b00000,0x0000001730c00000) (1024K)]
  0x0000013fbdc0b2f0 JavaThread "C2 CompilerThread0"         daemon [_thread_blocked, id=8288, stack(0x0000001730c00000,0x0000001730d00000) (1024K)]
  0x0000013fbdc0d1c0 JavaThread "C1 CompilerThread0"         daemon [_thread_blocked, id=17112, stack(0x0000001730d00000,0x0000001730e00000) (1024K)]
  0x0000013fbdd60650 JavaThread "Common-Cleaner"             daemon [_thread_blocked, id=948, stack(0x0000001730e00000,0x0000001730f00000) (1024K)]
  0x0000013fbdf25cb0 JavaThread "Notification Thread"        daemon [_thread_blocked, id=13364, stack(0x0000001730f00000,0x0000001731000000) (1024K)]
  0x0000013fc3ab2fe0 JavaThread "Daemon health stats"               [_thread_blocked, id=12396, stack(0x0000001731600000,0x0000001731700000) (1024K)]
  0x0000013fc39b42d0 JavaThread "Incoming local TCP Connector on port 52086"        [_thread_in_native, id=1732, stack(0x0000001731700000,0x0000001731800000) (1024K)]
  0x0000013fc3e06750 JavaThread "Daemon periodic checks"            [_thread_blocked, id=10224, stack(0x0000001731800000,0x0000001731900000) (1024K)]
  0x0000013fc3bed840 JavaThread "Daemon"                            [_thread_blocked, id=10620, stack(0x0000001731900000,0x0000001731a00000) (1024K)]
  0x0000013fc3bedea0 JavaThread "Handler for socket connection from /127.0.0.1:52086 to /127.0.0.1:52087"        [_thread_in_native, id=328, stack(0x0000001731a00000,0x0000001731b00000) (1024K)]
  0x0000013fc3e3df00 JavaThread "Cancel handler"                    [_thread_blocked, id=5404, stack(0x0000001731b00000,0x0000001731c00000) (1024K)]
  0x0000013fc3e432a0 JavaThread "Daemon worker"                     [_thread_blocked, id=5004, stack(0x0000001731c00000,0x0000001731d00000) (1024K)]
  0x0000013fc3c97290 JavaThread "Asynchronous log dispatcher for DefaultDaemonConnection: socket connection from /127.0.0.1:52086 to /127.0.0.1:52087"        [_thread_blocked, id=14312, stack(0x0000001731d00000,0x0000001731e00000) (1024K)]
  0x0000013fc3c31530 JavaThread "Stdin handler"                     [_thread_blocked, id=8136, stack(0x0000001731e00000,0x0000001731f00000) (1024K)]
  0x0000013fc3c2faf0 JavaThread "Daemon client event forwarder"        [_thread_blocked, id=9496, stack(0x0000001731f00000,0x0000001732000000) (1024K)]
  0x0000013fc3c30ea0 JavaThread "Cache worker for journal cache (C:\Users\HP\.gradle\caches\journal-1)"        [_thread_blocked, id=17348, stack(0x0000001732300000,0x0000001732400000) (1024K)]
  0x0000013fc3c2edd0 JavaThread "File lock request listener"        [_thread_in_native, id=7840, stack(0x0000001732400000,0x0000001732500000) (1024K)]
  0x0000013fc3c30810 JavaThread "Cache worker for file hash cache (C:\Users\HP\.gradle\caches\8.11.1\fileHashes)"        [_thread_blocked, id=15684, stack(0x0000001732500000,0x0000001732600000) (1024K)]
  0x0000013fc3c2f460 JavaThread "Cache worker for file content cache (C:\Users\HP\.gradle\caches\8.11.1\fileContent)"        [_thread_blocked, id=2844, stack(0x0000001732600000,0x0000001732700000) (1024K)]
  0x0000013fc3c31bc0 JavaThread "Cache worker for file hash cache (C:\Users\HP\AndroidStudioProjects\TP8\.gradle\8.11.1\fileHashes)"        [_thread_blocked, id=2704, stack(0x0000001732700000,0x0000001732800000) (1024K)]
  0x0000013fc3c30180 JavaThread "Cache worker for Build Output Cleanup Cache (C:\Users\HP\AndroidStudioProjects\TP8\.gradle\buildOutputCleanup)"        [_thread_blocked, id=12520, stack(0x0000001732800000,0x0000001732900000) (1024K)]
  0x0000013fc3c2e740 JavaThread "File watcher server"        daemon [_thread_in_native, id=11044, stack(0x0000001731000000,0x0000001731100000) (1024K)]
  0x0000013fbdeab1e0 JavaThread "File watcher consumer"      daemon [_thread_blocked, id=18116, stack(0x0000001732900000,0x0000001732a00000) (1024K)]
  0x0000013fbdead2b0 JavaThread "jar transforms"                    [_thread_blocked, id=4048, stack(0x0000001732b00000,0x0000001732c00000) (1024K)]
  0x0000013fbdeab870 JavaThread "jar transforms Thread 2"           [_thread_blocked, id=1832, stack(0x0000001732c00000,0x0000001732d00000) (1024K)]
  0x0000013fbdea9e30 JavaThread "jar transforms Thread 3"           [_thread_blocked, id=14484, stack(0x0000001732d00000,0x0000001732e00000) (1024K)]
  0x0000013fbdeaab50 JavaThread "jar transforms Thread 4"           [_thread_blocked, id=2856, stack(0x0000001732e00000,0x0000001732f00000) (1024K)]
  0x0000013fbdeabf00 JavaThread "jar transforms Thread 5"           [_thread_blocked, id=18808, stack(0x0000001732f00000,0x0000001733000000) (1024K)]
  0x0000013fbdeaa4c0 JavaThread "jar transforms Thread 6"           [_thread_blocked, id=8756, stack(0x0000001733000000,0x0000001733100000) (1024K)]
  0x0000013fbdeaf380 JavaThread "jar transforms Thread 7"           [_thread_blocked, id=13652, stack(0x0000001733100000,0x0000001733200000) (1024K)]
  0x0000013fbdeae660 JavaThread "jar transforms Thread 8"           [_thread_blocked, id=3368, stack(0x0000001733200000,0x0000001733300000) (1024K)]
  0x0000013fbdeaecf0 JavaThread "Cache worker for checksums cache (C:\Users\HP\AndroidStudioProjects\TP8\.gradle\8.11.1\checksums)"        [_thread_blocked, id=18704, stack(0x0000001733300000,0x0000001733400000) (1024K)]
  0x0000013fbdeacc20 JavaThread "Cache worker for cache directory md-rule (C:\Users\HP\.gradle\caches\8.11.1\md-rule)"        [_thread_blocked, id=13708, stack(0x0000001733400000,0x0000001733500000) (1024K)]
  0x0000013fbdeac590 JavaThread "Cache worker for cache directory md-supplier (C:\Users\HP\.gradle\caches\8.11.1\md-supplier)"        [_thread_blocked, id=1748, stack(0x0000001733500000,0x0000001733600000) (1024K)]
  0x0000013fbdead940 JavaThread "Unconstrained build operations"        [_thread_blocked, id=15048, stack(0x0000001732a00000,0x0000001732b00000) (1024K)]
  0x0000013fbdeb1450 JavaThread "Unconstrained build operations Thread 2"        [_thread_blocked, id=18804, stack(0x0000001733600000,0x0000001733700000) (1024K)]
  0x0000013fc65bf3a0 JavaThread "Unconstrained build operations Thread 3"        [_thread_blocked, id=18768, stack(0x0000001733700000,0x0000001733800000) (1024K)]
  0x0000013fc65c0750 JavaThread "Unconstrained build operations Thread 4"        [_thread_blocked, id=17700, stack(0x0000001733800000,0x0000001733900000) (1024K)]
  0x0000013fc65c0de0 JavaThread "Unconstrained build operations Thread 5"        [_thread_blocked, id=18708, stack(0x0000001733a00000,0x0000001733b00000) (1024K)]
  0x0000013fc65be680 JavaThread "Unconstrained build operations Thread 6"        [_thread_blocked, id=19200, stack(0x0000001733b00000,0x0000001733c00000) (1024K)]
  0x0000013fc65bed10 JavaThread "Unconstrained build operations Thread 7"        [_thread_blocked, id=16844, stack(0x0000001733c00000,0x0000001733d00000) (1024K)]
  0x0000013fc65c00c0 JavaThread "Unconstrained build operations Thread 8"        [_thread_blocked, id=14168, stack(0x0000001733d00000,0x0000001733e00000) (1024K)]
  0x0000013fc65bfa30 JavaThread "Unconstrained build operations Thread 9"        [_thread_blocked, id=19432, stack(0x0000001733e00000,0x0000001733f00000) (1024K)]
  0x0000013fc65c1470 JavaThread "Unconstrained build operations Thread 10"        [_thread_blocked, id=16720, stack(0x0000001733f00000,0x0000001734000000) (1024K)]
  0x0000013fc65bdff0 JavaThread "Unconstrained build operations Thread 11"        [_thread_blocked, id=18428, stack(0x0000001734000000,0x0000001734100000) (1024K)]
  0x0000013fc5fb0380 JavaThread "Unconstrained build operations Thread 12"        [_thread_blocked, id=12376, stack(0x0000001734100000,0x0000001734200000) (1024K)]
  0x0000013fc5fb1dc0 JavaThread "Unconstrained build operations Thread 13"        [_thread_blocked, id=2628, stack(0x0000001734200000,0x0000001734300000) (1024K)]
  0x0000013fc5fb2450 JavaThread "Unconstrained build operations Thread 14"        [_thread_blocked, id=19176, stack(0x0000001734300000,0x0000001734400000) (1024K)]
  0x0000013fc5fb2ae0 JavaThread "Unconstrained build operations Thread 15"        [_thread_blocked, id=14416, stack(0x0000001734400000,0x0000001734500000) (1024K)]
  0x0000013fc5fb1730 JavaThread "Unconstrained build operations Thread 16"        [_thread_blocked, id=17248, stack(0x0000001734500000,0x0000001734600000) (1024K)]
  0x0000013fc5fb3170 JavaThread "Unconstrained build operations Thread 17"        [_thread_blocked, id=3848, stack(0x0000001734600000,0x0000001734700000) (1024K)]
  0x0000013fc5fafcf0 JavaThread "Unconstrained build operations Thread 18"        [_thread_blocked, id=2708, stack(0x0000001734700000,0x0000001734800000) (1024K)]
Total: 58

Other Threads:
=>0x0000013fbdb88690 VMThread "VM Thread"                           [id=18452, stack(0x0000001730500000,0x0000001730600000) (1024K)]
  0x0000013fbd9c1600 WatcherThread "VM Periodic Task Thread"        [id=14028, stack(0x0000001730400000,0x0000001730500000) (1024K)]
  0x0000013fa6394580 WorkerThread "GC Thread#0"                     [id=13572, stack(0x000000172ff00000,0x0000001730000000) (1024K)]
  0x0000013fc25ac9e0 WorkerThread "GC Thread#1"                     [id=19436, stack(0x0000001731100000,0x0000001731200000) (1024K)]
  0x0000013fc26ae3d0 WorkerThread "GC Thread#2"                     [id=14860, stack(0x0000001731200000,0x0000001731300000) (1024K)]
  0x0000013fc2c18d10 WorkerThread "GC Thread#3"                     [id=9792, stack(0x0000001731300000,0x0000001731400000) (1024K)]
  0x0000013fc303df40 WorkerThread "GC Thread#4"                     [id=8772, stack(0x0000001731400000,0x0000001731500000) (1024K)]
  0x0000013fc38de220 WorkerThread "GC Thread#5"                     [id=18764, stack(0x0000001731500000,0x0000001731600000) (1024K)]
  0x0000013fc3d0ac80 WorkerThread "GC Thread#6"                     [id=1356, stack(0x0000001732000000,0x0000001732100000) (1024K)]
  0x0000013fc3d09a60 WorkerThread "GC Thread#7"                     [id=18760, stack(0x0000001732100000,0x0000001732200000) (1024K)]
  0x0000013fa63a5470 ConcurrentGCThread "G1 Main Marker"            [id=10008, stack(0x0000001730000000,0x0000001730100000) (1024K)]
  0x0000013fa63a5e80 WorkerThread "G1 Conc#0"                       [id=15868, stack(0x0000001730100000,0x0000001730200000) (1024K)]
  0x0000013fc3d0a8e0 WorkerThread "G1 Conc#1"                       [id=10564, stack(0x0000001732200000,0x0000001732300000) (1024K)]
  0x0000013fbd892570 ConcurrentGCThread "G1 Refine#0"               [id=1252, stack(0x0000001730200000,0x0000001730300000) (1024K)]
  0x0000013fbd892ef0 ConcurrentGCThread "G1 Service"                [id=4360, stack(0x0000001730300000,0x0000001730400000) (1024K)]
Total: 15

Threads with active compile tasks:
C2 CompilerThread0  28016 8998   !   4       java.lang.ClassLoader::loadClass (121 bytes)
Total: 1

VM state: at safepoint (normal execution)

VM Mutex/Monitor currently owned by a thread:  ([mutex/lock_event])
[0x00007ffcb5f2d360] Threads_lock - owner thread: 0x0000013fbdb88690
[0x00007ffcb5f2d460] Heap_lock - owner thread: 0x0000013fa63a5470

Heap address: 0x0000000080000000, size: 2048 MB, Compressed Oops mode: 32-bit

CDS archive(s) not mapped
Compressed class space mapped at: 0x0000000100000000-0x0000000140000000, reserved size: 1073741824
Narrow klass base: 0x0000000000000000, Narrow klass shift: 3, Narrow klass range: 0x140000000

GC Precious Log:
 CardTable entry size: 512
 Card Set container configuration: InlinePtr #cards 5 size 8 Array Of Cards #cards 12 size 40 Howl #buckets 4 coarsen threshold 1843 Howl Bitmap #cards 512 size 80 coarsen threshold 460 Card regions per heap region 1 cards per card region 2048
 CPUs: 8 total, 8 available
 Memory: 7872M
 Large Page Support: Disabled
 NUMA Support: Disabled
 Compressed Oops: Enabled (32-bit)
 Heap Region Size: 1M
 Heap Min Capacity: 8M
 Heap Initial Capacity: 124M
 Heap Max Capacity: 2G
 Pre-touch: Disabled
 Parallel Workers: 8
 Concurrent Workers: 2
 Concurrent Refinement Workers: 8
 Periodic GC: Disabled

Heap:
 garbage-first heap   total 186368K, used 123728K [0x0000000080000000, 0x0000000100000000)
  region size 1024K, 12 young (12288K), 8 survivors (8192K)
 Metaspace       used 114148K, committed 116288K, reserved 1179648K
  class space    used 14838K, committed 15872K, reserved 1048576K

Heap Regions: E=young(eden), S=young(survivor), O=old, HS=humongous(starts), HC=humongous(continues), CS=collection set, F=free, TAMS=top-at-mark-start, PB=parsable bottom
|   0|0x0000000080000000, 0x0000000080100000, 0x0000000080100000|100%| O|  |TAMS 0x0000000080100000| PB 0x0000000080100000| Updating 
|   1|0x0000000080100000, 0x0000000080200000, 0x0000000080200000|100%|HS|  |TAMS 0x0000000080200000| PB 0x0000000080100000| Complete 
|   2|0x0000000080200000, 0x0000000080300000, 0x0000000080300000|100%|HC|  |TAMS 0x0000000080300000| PB 0x0000000080200000| Complete 
|   3|0x0000000080300000, 0x0000000080400000, 0x0000000080400000|100%|HC|  |TAMS 0x0000000080400000| PB 0x0000000080300000| Complete 
|   4|0x0000000080400000, 0x0000000080500000, 0x0000000080500000|100%| O|  |TAMS 0x0000000080500000| PB 0x0000000080500000| Updating 
|   5|0x0000000080500000, 0x0000000080600000, 0x0000000080600000|100%| O|  |TAMS 0x0000000080600000| PB 0x0000000080600000| Untracked 
|   6|0x0000000080600000, 0x0000000080700000, 0x0000000080700000|100%| O|  |TAMS 0x0000000080700000| PB 0x0000000080700000| Updating 
|   7|0x0000000080700000, 0x0000000080800000, 0x0000000080800000|100%|HS|  |TAMS 0x0000000080800000| PB 0x0000000080700000| Complete 
|   8|0x0000000080800000, 0x0000000080900000, 0x0000000080900000|100%| O|  |TAMS 0x0000000080900000| PB 0x0000000080900000| Untracked 
|   9|0x0000000080900000, 0x0000000080a00000, 0x0000000080a00000|100%| O|  |TAMS 0x0000000080a00000| PB 0x0000000080a00000| Untracked 
|  10|0x0000000080a00000, 0x0000000080b00000, 0x0000000080b00000|100%| O|  |TAMS 0x0000000080b00000| PB 0x0000000080b00000| Untracked 
|  11|0x0000000080b00000, 0x0000000080c00000, 0x0000000080c00000|100%| O|  |TAMS 0x0000000080c00000| PB 0x0000000080c00000| Untracked 
|  12|0x0000000080c00000, 0x0000000080d00000, 0x0000000080d00000|100%| O|  |TAMS 0x0000000080d00000| PB 0x0000000080d00000| Untracked 
|  13|0x0000000080d00000, 0x0000000080e00000, 0x0000000080e00000|100%|HS|  |TAMS 0x0000000080e00000| PB 0x0000000080d00000| Complete 
|  14|0x0000000080e00000, 0x0000000080f00000, 0x0000000080f00000|100%|HS|  |TAMS 0x0000000080f00000| PB 0x0000000080e00000| Complete 
|  15|0x0000000080f00000, 0x0000000081000000, 0x0000000081000000|100%|HC|  |TAMS 0x0000000081000000| PB 0x0000000080f00000| Complete 
|  16|0x0000000081000000, 0x0000000081100000, 0x0000000081100000|100%|HC|  |TAMS 0x0000000081100000| PB 0x0000000081000000| Complete 
|  17|0x0000000081100000, 0x0000000081200000, 0x0000000081200000|100%|HC|  |TAMS 0x0000000081200000| PB 0x0000000081100000| Complete 
|  18|0x0000000081200000, 0x0000000081300000, 0x0000000081300000|100%|HC|  |TAMS 0x0000000081300000| PB 0x0000000081200000| Complete 
|  19|0x0000000081300000, 0x0000000081400000, 0x0000000081400000|100%|HC|  |TAMS 0x0000000081400000| PB 0x0000000081300000| Complete 
|  20|0x0000000081400000, 0x0000000081500000, 0x0000000081500000|100%|HS|  |TAMS 0x0000000081500000| PB 0x0000000081400000| Complete 
|  21|0x0000000081500000, 0x0000000081600000, 0x0000000081600000|100%|HC|  |TAMS 0x0000000081600000| PB 0x0000000081500000| Complete 
|  22|0x0000000081600000, 0x0000000081700000, 0x0000000081700000|100%|HC|  |TAMS 0x0000000081700000| PB 0x0000000081600000| Complete 
|  23|0x0000000081700000, 0x0000000081800000, 0x0000000081800000|100%|HC|  |TAMS 0x0000000081800000| PB 0x0000000081700000| Complete 
|  24|0x0000000081800000, 0x0000000081900000, 0x0000000081900000|100%|HS|  |TAMS 0x0000000081900000| PB 0x0000000081800000| Complete 
|  25|0x0000000081900000, 0x0000000081a00000, 0x0000000081a00000|100%|HC|  |TAMS 0x0000000081a00000| PB 0x0000000081900000| Complete 
|  26|0x0000000081a00000, 0x0000000081b00000, 0x0000000081b00000|100%| O|  |TAMS 0x0000000081b00000| PB 0x0000000081b00000| Untracked 
|  27|0x0000000081b00000, 0x0000000081c00000, 0x0000000081c00000|100%| O|  |TAMS 0x0000000081c00000| PB 0x0000000081c00000| Untracked 
|  28|0x0000000081c00000, 0x0000000081d00000, 0x0000000081d00000|100%| O|  |TAMS 0x0000000081d00000| PB 0x0000000081d00000| Untracked 
|  29|0x0000000081d00000, 0x0000000081e00000, 0x0000000081e00000|100%| O|  |TAMS 0x0000000081e00000| PB 0x0000000081e00000| Untracked 
|  30|0x0000000081e00000, 0x0000000081f00000, 0x0000000081f00000|100%| O|  |TAMS 0x0000000081f00000| PB 0x0000000081f00000| Updating 
|  31|0x0000000081f00000, 0x0000000082000000, 0x0000000082000000|100%| O|  |TAMS 0x0000000082000000| PB 0x0000000082000000| Untracked 
|  32|0x0000000082000000, 0x0000000082100000, 0x0000000082100000|100%| O|  |TAMS 0x0000000082100000| PB 0x0000000082100000| Untracked 
|  33|0x0000000082100000, 0x0000000082200000, 0x0000000082200000|100%| O|  |TAMS 0x0000000082200000| PB 0x0000000082200000| Untracked 
|  34|0x0000000082200000, 0x0000000082300000, 0x0000000082300000|100%| O|  |TAMS 0x0000000082300000| PB 0x0000000082300000| Untracked 
|  35|0x0000000082300000, 0x0000000082400000, 0x0000000082400000|100%| O|  |TAMS 0x0000000082400000| PB 0x0000000082400000| Updating 
|  36|0x0000000082400000, 0x0000000082500000, 0x0000000082500000|100%| O|  |TAMS 0x0000000082500000| PB 0x0000000082500000| Updating 
|  37|0x0000000082500000, 0x0000000082600000, 0x0000000082600000|100%| O|  |TAMS 0x0000000082600000| PB 0x0000000082600000| Updating 
|  38|0x0000000082600000, 0x0000000082700000, 0x0000000082700000|100%| O|  |TAMS 0x0000000082700000| PB 0x0000000082700000| Untracked 
|  39|0x0000000082700000, 0x0000000082800000, 0x0000000082800000|100%| O|  |TAMS 0x0000000082800000| PB 0x0000000082800000| Untracked 
|  40|0x0000000082800000, 0x0000000082900000, 0x0000000082900000|100%|HS|  |TAMS 0x0000000082900000| PB 0x0000000082800000| Complete 
|  41|0x0000000082900000, 0x0000000082a00000, 0x0000000082a00000|100%|HC|  |TAMS 0x0000000082a00000| PB 0x0000000082900000| Complete 
|  42|0x0000000082a00000, 0x0000000082b00000, 0x0000000082b00000|100%| O|  |TAMS 0x0000000082b00000| PB 0x0000000082b00000| Untracked 
|  43|0x0000000082b00000, 0x0000000082c00000, 0x0000000082c00000|100%| O|  |TAMS 0x0000000082c00000| PB 0x0000000082c00000| Untracked 
|  44|0x0000000082c00000, 0x0000000082d00000, 0x0000000082d00000|100%| O|  |TAMS 0x0000000082d00000| PB 0x0000000082d00000| Untracked 
|  45|0x0000000082d00000, 0x0000000082e00000, 0x0000000082e00000|100%| O|  |TAMS 0x0000000082e00000| PB 0x0000000082e00000| Untracked 
|  46|0x0000000082e00000, 0x0000000082f00000, 0x0000000082f00000|100%| O|  |TAMS 0x0000000082f00000| PB 0x0000000082f00000| Untracked 
|  47|0x0000000082f00000, 0x0000000083000000, 0x0000000083000000|100%| O|  |TAMS 0x0000000083000000| PB 0x0000000083000000| Updating 
|  48|0x0000000083000000, 0x0000000083100000, 0x0000000083100000|100%| O|  |TAMS 0x0000000083100000| PB 0x0000000083100000| Untracked 
|  49|0x0000000083100000, 0x0000000083200000, 0x0000000083200000|100%| O|  |TAMS 0x0000000083200000| PB 0x0000000083200000| Untracked 
|  50|0x0000000083200000, 0x0000000083300000, 0x0000000083300000|100%| O|  |TAMS 0x0000000083300000| PB 0x0000000083300000| Untracked 
|  51|0x0000000083300000, 0x0000000083400000, 0x0000000083400000|100%| O|  |TAMS 0x0000000083400000| PB 0x0000000083400000| Untracked 
|  52|0x0000000083400000, 0x0000000083500000, 0x0000000083500000|100%| O|  |TAMS 0x0000000083500000| PB 0x0000000083500000| Untracked 
|  53|0x0000000083500000, 0x0000000083600000, 0x0000000083600000|100%| O|  |TAMS 0x0000000083600000| PB 0x0000000083600000| Untracked 
|  54|0x0000000083600000, 0x0000000083700000, 0x0000000083700000|100%|HS|  |TAMS 0x0000000083700000| PB 0x0000000083600000| Complete 
|  55|0x0000000083700000, 0x0000000083800000, 0x0000000083800000|100%|HC|  |TAMS 0x0000000083800000| PB 0x0000000083700000| Complete 
|  56|0x0000000083800000, 0x0000000083900000, 0x0000000083900000|100%|HC|  |TAMS 0x0000000083900000| PB 0x0000000083800000| Complete 
|  57|0x0000000083900000, 0x0000000083a00000, 0x0000000083a00000|100%|HC|  |TAMS 0x0000000083a00000| PB 0x0000000083900000| Complete 
|  58|0x0000000083a00000, 0x0000000083b00000, 0x0000000083b00000|100%|HC|  |TAMS 0x0000000083b00000| PB 0x0000000083a00000| Complete 
|  59|0x0000000083b00000, 0x0000000083c00000, 0x0000000083c00000|100%|HC|  |TAMS 0x0000000083c00000| PB 0x0000000083b00000| Complete 
|  60|0x0000000083c00000, 0x0000000083d00000, 0x0000000083d00000|100%|HS|  |TAMS 0x0000000083d00000| PB 0x0000000083c00000| Complete 
|  61|0x0000000083d00000, 0x0000000083e00000, 0x0000000083e00000|100%|HC|  |TAMS 0x0000000083e00000| PB 0x0000000083d00000| Complete 
|  62|0x0000000083e00000, 0x0000000083f00000, 0x0000000083f00000|100%|HC|  |TAMS 0x0000000083f00000| PB 0x0000000083e00000| Complete 
|  63|0x0000000083f00000, 0x0000000084000000, 0x0000000084000000|100%|HC|  |TAMS 0x0000000084000000| PB 0x0000000083f00000| Complete 
|  64|0x0000000084000000, 0x0000000084100000, 0x0000000084100000|100%|HC|  |TAMS 0x0000000084100000| PB 0x0000000084000000| Complete 
|  65|0x0000000084100000, 0x0000000084200000, 0x0000000084200000|100%|HC|  |TAMS 0x0000000084200000| PB 0x0000000084100000| Complete 
|  66|0x0000000084200000, 0x0000000084300000, 0x0000000084300000|100%| O|  |TAMS 0x0000000084300000| PB 0x0000000084300000| Untracked 
|  67|0x0000000084300000, 0x0000000084400000, 0x0000000084400000|100%| O|  |TAMS 0x0000000084400000| PB 0x0000000084400000| Updating 
|  68|0x0000000084400000, 0x0000000084500000, 0x0000000084500000|100%| O|  |TAMS 0x0000000084500000| PB 0x0000000084500000| Untracked 
|  69|0x0000000084500000, 0x0000000084600000, 0x0000000084600000|100%| O|  |TAMS 0x0000000084600000| PB 0x0000000084600000| Untracked 
|  70|0x0000000084600000, 0x0000000084700000, 0x0000000084700000|100%| O|  |TAMS 0x0000000084700000| PB 0x0000000084700000| Untracked 
|  71|0x0000000084700000, 0x0000000084800000, 0x0000000084800000|100%| O|  |TAMS 0x0000000084800000| PB 0x0000000084800000| Untracked 
|  72|0x0000000084800000, 0x0000000084900000, 0x0000000084900000|100%| O|  |TAMS 0x0000000084900000| PB 0x0000000084900000| Untracked 
|  73|0x0000000084900000, 0x0000000084a00000, 0x0000000084a00000|100%| O|  |TAMS 0x0000000084a00000| PB 0x0000000084a00000| Untracked 
|  74|0x0000000084a00000, 0x0000000084b00000, 0x0000000084b00000|100%| O|  |TAMS 0x0000000084b00000| PB 0x0000000084b00000| Untracked 
|  75|0x0000000084b00000, 0x0000000084c00000, 0x0000000084c00000|100%| O|  |TAMS 0x0000000084c00000| PB 0x0000000084c00000| Untracked 
|  76|0x0000000084c00000, 0x0000000084d00000, 0x0000000084d00000|100%| O|  |TAMS 0x0000000084c00000| PB 0x0000000084c00000| Untracked 
|  77|0x0000000084d00000, 0x0000000084e00000, 0x0000000084e00000|100%| O|  |TAMS 0x0000000084d00000| PB 0x0000000084d00000| Untracked 
|  78|0x0000000084e00000, 0x0000000084f00000, 0x0000000084f00000|100%| O|  |TAMS 0x0000000084f00000| PB 0x0000000084f00000| Updating 
|  79|0x0000000084f00000, 0x0000000085000000, 0x0000000085000000|100%|HS|  |TAMS 0x0000000085000000| PB 0x0000000084f00000| Complete 
|  80|0x0000000085000000, 0x0000000085100000, 0x0000000085100000|100%| O|  |TAMS 0x0000000085100000| PB 0x0000000085100000| Untracked 
|  81|0x0000000085100000, 0x0000000085200000, 0x0000000085200000|100%| O|  |TAMS 0x0000000085200000| PB 0x0000000085200000| Untracked 
|  82|0x0000000085200000, 0x0000000085300000, 0x0000000085300000|100%| O|  |TAMS 0x0000000085300000| PB 0x0000000085300000| Updating 
|  83|0x0000000085300000, 0x0000000085400000, 0x0000000085400000|100%| O|  |TAMS 0x0000000085400000| PB 0x0000000085400000| Updating 
|  84|0x0000000085400000, 0x0000000085500000, 0x0000000085500000|100%| O|  |TAMS 0x0000000085500000| PB 0x0000000085500000| Untracked 
|  85|0x0000000085500000, 0x0000000085600000, 0x0000000085600000|100%|HS|  |TAMS 0x0000000085600000| PB 0x0000000085500000| Complete 
|  86|0x0000000085600000, 0x0000000085700000, 0x0000000085700000|100%|HC|  |TAMS 0x0000000085700000| PB 0x0000000085600000| Complete 
|  87|0x0000000085700000, 0x0000000085800000, 0x0000000085800000|100%|HC|  |TAMS 0x0000000085800000| PB 0x0000000085700000| Complete 
|  88|0x0000000085800000, 0x0000000085900000, 0x0000000085900000|100%|HC|  |TAMS 0x0000000085900000| PB 0x0000000085800000| Complete 
|  89|0x0000000085900000, 0x0000000085a00000, 0x0000000085a00000|100%|HC|  |TAMS 0x0000000085a00000| PB 0x0000000085900000| Complete 
|  90|0x0000000085a00000, 0x0000000085b00000, 0x0000000085b00000|100%|HC|  |TAMS 0x0000000085b00000| PB 0x0000000085a00000| Complete 
|  91|0x0000000085b00000, 0x0000000085c00000, 0x0000000085c00000|100%| O|  |TAMS 0x0000000085c00000| PB 0x0000000085c00000| Untracked 
|  92|0x0000000085c00000, 0x0000000085d00000, 0x0000000085d00000|100%| O|  |TAMS 0x0000000085d00000| PB 0x0000000085d00000| Untracked 
|  93|0x0000000085d00000, 0x0000000085e00000, 0x0000000085e00000|100%| O|  |TAMS 0x0000000085d00000| PB 0x0000000085d00000| Untracked 
|  94|0x0000000085e00000, 0x0000000085f00000, 0x0000000085f00000|100%| O|  |TAMS 0x0000000085f00000| PB 0x0000000085f00000| Updating 
|  95|0x0000000085f00000, 0x0000000086000000, 0x0000000086000000|100%| O|  |TAMS 0x0000000086000000| PB 0x0000000086000000| Untracked 
|  96|0x0000000086000000, 0x0000000086100000, 0x0000000086100000|100%| O|  |TAMS 0x0000000086100000| PB 0x0000000086100000| Untracked 
|  97|0x0000000086100000, 0x0000000086200000, 0x0000000086200000|100%| O|  |TAMS 0x0000000086200000| PB 0x0000000086200000| Untracked 
|  98|0x0000000086200000, 0x0000000086300000, 0x0000000086300000|100%| O|  |TAMS 0x0000000086300000| PB 0x0000000086300000| Updating 
|  99|0x0000000086300000, 0x0000000086400000, 0x0000000086400000|100%| O|  |TAMS 0x0000000086400000| PB 0x0000000086400000| Untracked 
| 100|0x0000000086400000, 0x0000000086500000, 0x0000000086500000|100%| O|  |TAMS 0x0000000086478498| PB 0x0000000086478498| Updating 
| 101|0x0000000086500000, 0x00000000865a9900, 0x0000000086600000| 66%| O|  |TAMS 0x0000000086500000| PB 0x0000000086500000| Updating 
| 102|0x0000000086600000, 0x0000000086600000, 0x0000000086700000|  0%| F|  |TAMS 0x0000000086600000| PB 0x0000000086600000| Untracked 
| 103|0x0000000086700000, 0x0000000086700000, 0x0000000086800000|  0%| F|  |TAMS 0x0000000086700000| PB 0x0000000086700000| Untracked 
| 104|0x0000000086800000, 0x0000000086800000, 0x0000000086900000|  0%| F|  |TAMS 0x0000000086800000| PB 0x0000000086800000| Untracked 
| 105|0x0000000086900000, 0x0000000086900000, 0x0000000086a00000|  0%| F|  |TAMS 0x0000000086900000| PB 0x0000000086900000| Untracked 
| 106|0x0000000086a00000, 0x0000000086a00000, 0x0000000086b00000|  0%| F|  |TAMS 0x0000000086a00000| PB 0x0000000086a00000| Untracked 
| 107|0x0000000086b00000, 0x0000000086b00000, 0x0000000086c00000|  0%| F|  |TAMS 0x0000000086b00000| PB 0x0000000086b00000| Untracked 
| 108|0x0000000086c00000, 0x0000000086c00000, 0x0000000086d00000|  0%| F|  |TAMS 0x0000000086c00000| PB 0x0000000086c00000| Untracked 
| 109|0x0000000086d00000, 0x0000000086d00000, 0x0000000086e00000|  0%| F|  |TAMS 0x0000000086d00000| PB 0x0000000086d00000| Untracked 
| 110|0x0000000086e00000, 0x0000000086e00000, 0x0000000086f00000|  0%| F|  |TAMS 0x0000000086e00000| PB 0x0000000086e00000| Untracked 
| 111|0x0000000086f00000, 0x0000000086f2a980, 0x0000000087000000| 16%| S|CS|TAMS 0x0000000086f00000| PB 0x0000000086f00000| Complete 
| 112|0x0000000087000000, 0x0000000087100000, 0x0000000087100000|100%| S|CS|TAMS 0x0000000087000000| PB 0x0000000087000000| Complete 
| 113|0x0000000087100000, 0x0000000087200000, 0x0000000087200000|100%| S|CS|TAMS 0x0000000087100000| PB 0x0000000087100000| Complete 
| 114|0x0000000087200000, 0x0000000087300000, 0x0000000087300000|100%| S|CS|TAMS 0x0000000087200000| PB 0x0000000087200000| Complete 
| 115|0x0000000087300000, 0x0000000087300000, 0x0000000087400000|  0%| F|  |TAMS 0x0000000087300000| PB 0x0000000087300000| Untracked 
| 116|0x0000000087400000, 0x0000000087400000, 0x0000000087500000|  0%| F|  |TAMS 0x0000000087400000| PB 0x0000000087400000| Untracked 
| 117|0x0000000087500000, 0x0000000087500000, 0x0000000087600000|  0%| F|  |TAMS 0x0000000087500000| PB 0x0000000087500000| Untracked 
| 118|0x0000000087600000, 0x0000000087600000, 0x0000000087700000|  0%| F|  |TAMS 0x0000000087600000| PB 0x0000000087600000| Untracked 
| 119|0x0000000087700000, 0x0000000087700000, 0x0000000087800000|  0%| F|  |TAMS 0x0000000087700000| PB 0x0000000087700000| Untracked 
| 120|0x0000000087800000, 0x0000000087900000, 0x0000000087900000|100%| S|CS|TAMS 0x0000000087800000| PB 0x0000000087800000| Complete 
| 121|0x0000000087900000, 0x0000000087a00000, 0x0000000087a00000|100%| S|CS|TAMS 0x0000000087900000| PB 0x0000000087900000| Complete 
| 122|0x0000000087a00000, 0x0000000087b00000, 0x0000000087b00000|100%| S|CS|TAMS 0x0000000087a00000| PB 0x0000000087a00000| Complete 
| 123|0x0000000087b00000, 0x0000000087c00000, 0x0000000087c00000|100%| S|CS|TAMS 0x0000000087b00000| PB 0x0000000087b00000| Complete 
| 124|0x0000000087c00000, 0x0000000087c00000, 0x0000000087d00000|  0%| F|  |TAMS 0x0000000087c00000| PB 0x0000000087c00000| Untracked 
| 125|0x0000000087d00000, 0x0000000087d00000, 0x0000000087e00000|  0%| F|  |TAMS 0x0000000087d00000| PB 0x0000000087d00000| Untracked 
| 126|0x0000000087e00000, 0x0000000087e00000, 0x0000000087f00000|  0%| F|  |TAMS 0x0000000087e00000| PB 0x0000000087e00000| Untracked 
| 127|0x0000000087f00000, 0x0000000087f00000, 0x0000000088000000|  0%| F|  |TAMS 0x0000000087f00000| PB 0x0000000087f00000| Untracked 
| 128|0x0000000088000000, 0x0000000088000000, 0x0000000088100000|  0%| F|  |TAMS 0x0000000088000000| PB 0x0000000088000000| Untracked 
| 129|0x0000000088100000, 0x0000000088100000, 0x0000000088200000|  0%| F|  |TAMS 0x0000000088100000| PB 0x0000000088100000| Untracked 
| 130|0x0000000088200000, 0x0000000088200000, 0x0000000088300000|  0%| F|  |TAMS 0x0000000088200000| PB 0x0000000088200000| Untracked 
| 131|0x0000000088300000, 0x0000000088300000, 0x0000000088400000|  0%| F|  |TAMS 0x0000000088300000| PB 0x0000000088300000| Untracked 
| 132|0x0000000088400000, 0x0000000088400000, 0x0000000088500000|  0%| F|  |TAMS 0x0000000088400000| PB 0x0000000088400000| Untracked 
| 133|0x0000000088500000, 0x0000000088500000, 0x0000000088600000|  0%| F|  |TAMS 0x0000000088500000| PB 0x0000000088500000| Untracked 
| 134|0x0000000088600000, 0x0000000088600000, 0x0000000088700000|  0%| F|  |TAMS 0x0000000088600000| PB 0x0000000088600000| Untracked 
| 135|0x0000000088700000, 0x0000000088700000, 0x0000000088800000|  0%| F|  |TAMS 0x0000000088700000| PB 0x0000000088700000| Untracked 
| 136|0x0000000088800000, 0x0000000088800000, 0x0000000088900000|  0%| F|  |TAMS 0x0000000088800000| PB 0x0000000088800000| Untracked 
| 137|0x0000000088900000, 0x0000000088900000, 0x0000000088a00000|  0%| F|  |TAMS 0x0000000088900000| PB 0x0000000088900000| Untracked 
| 138|0x0000000088a00000, 0x0000000088a00000, 0x0000000088b00000|  0%| F|  |TAMS 0x0000000088a00000| PB 0x0000000088a00000| Untracked 
| 139|0x0000000088b00000, 0x0000000088b00000, 0x0000000088c00000|  0%| F|  |TAMS 0x0000000088b00000| PB 0x0000000088b00000| Untracked 
| 140|0x0000000088c00000, 0x0000000088c00000, 0x0000000088d00000|  0%| F|  |TAMS 0x0000000088c00000| PB 0x0000000088c00000| Untracked 
| 141|0x0000000088d00000, 0x0000000088d00000, 0x0000000088e00000|  0%| F|  |TAMS 0x0000000088d00000| PB 0x0000000088d00000| Untracked 
| 142|0x0000000088e00000, 0x0000000088e00000, 0x0000000088f00000|  0%| F|  |TAMS 0x0000000088e00000| PB 0x0000000088e00000| Untracked 
| 143|0x0000000088f00000, 0x0000000088f00000, 0x0000000089000000|  0%| F|  |TAMS 0x0000000088f00000| PB 0x0000000088f00000| Untracked 
| 144|0x0000000089000000, 0x0000000089000000, 0x0000000089100000|  0%| F|  |TAMS 0x0000000089000000| PB 0x0000000089000000| Untracked 
| 145|0x0000000089100000, 0x0000000089100000, 0x0000000089200000|  0%| F|  |TAMS 0x0000000089100000| PB 0x0000000089100000| Untracked 
| 146|0x0000000089200000, 0x0000000089200000, 0x0000000089300000|  0%| F|  |TAMS 0x0000000089200000| PB 0x0000000089200000| Untracked 
| 147|0x0000000089300000, 0x0000000089300000, 0x0000000089400000|  0%| F|  |TAMS 0x0000000089300000| PB 0x0000000089300000| Untracked 
| 148|0x0000000089400000, 0x0000000089400000, 0x0000000089500000|  0%| F|  |TAMS 0x0000000089400000| PB 0x0000000089400000| Untracked 
| 149|0x0000000089500000, 0x0000000089500000, 0x0000000089600000|  0%| F|  |TAMS 0x0000000089500000| PB 0x0000000089500000| Untracked 
| 150|0x0000000089600000, 0x0000000089600000, 0x0000000089700000|  0%| F|  |TAMS 0x0000000089600000| PB 0x0000000089600000| Untracked 
| 151|0x0000000089700000, 0x0000000089700000, 0x0000000089800000|  0%| F|  |TAMS 0x0000000089700000| PB 0x0000000089700000| Untracked 
| 152|0x0000000089800000, 0x0000000089800000, 0x0000000089900000|  0%| F|  |TAMS 0x0000000089800000| PB 0x0000000089800000| Untracked 
| 153|0x0000000089900000, 0x0000000089900000, 0x0000000089a00000|  0%| F|  |TAMS 0x0000000089900000| PB 0x0000000089900000| Untracked 
| 154|0x0000000089a00000, 0x0000000089a00000, 0x0000000089b00000|  0%| F|  |TAMS 0x0000000089a00000| PB 0x0000000089a00000| Untracked 
| 155|0x0000000089b00000, 0x0000000089b00000, 0x0000000089c00000|  0%| F|  |TAMS 0x0000000089b00000| PB 0x0000000089b00000| Untracked 
| 156|0x0000000089c00000, 0x0000000089c00000, 0x0000000089d00000|  0%| F|  |TAMS 0x0000000089c00000| PB 0x0000000089c00000| Untracked 
| 157|0x0000000089d00000, 0x0000000089d00000, 0x0000000089e00000|  0%| F|  |TAMS 0x0000000089d00000| PB 0x0000000089d00000| Untracked 
| 158|0x0000000089e00000, 0x0000000089e00000, 0x0000000089f00000|  0%| F|  |TAMS 0x0000000089e00000| PB 0x0000000089e00000| Untracked 
| 159|0x0000000089f00000, 0x0000000089f00000, 0x000000008a000000|  0%| F|  |TAMS 0x0000000089f00000| PB 0x0000000089f00000| Untracked 
| 160|0x000000008a000000, 0x000000008a000000, 0x000000008a100000|  0%| F|  |TAMS 0x000000008a000000| PB 0x000000008a000000| Untracked 
| 161|0x000000008a100000, 0x000000008a100000, 0x000000008a200000|  0%| F|  |TAMS 0x000000008a100000| PB 0x000000008a100000| Untracked 
| 162|0x000000008a200000, 0x000000008a200000, 0x000000008a300000|  0%| F|  |TAMS 0x000000008a200000| PB 0x000000008a200000| Untracked 
| 163|0x000000008a300000, 0x000000008a300000, 0x000000008a400000|  0%| F|  |TAMS 0x000000008a300000| PB 0x000000008a300000| Untracked 
| 164|0x000000008a400000, 0x000000008a400000, 0x000000008a500000|  0%| F|  |TAMS 0x000000008a400000| PB 0x000000008a400000| Untracked 
| 165|0x000000008a500000, 0x000000008a500000, 0x000000008a600000|  0%| F|  |TAMS 0x000000008a500000| PB 0x000000008a500000| Untracked 
| 166|0x000000008a600000, 0x000000008a600000, 0x000000008a700000|  0%| F|  |TAMS 0x000000008a600000| PB 0x000000008a600000| Untracked 
| 167|0x000000008a700000, 0x000000008a700000, 0x000000008a800000|  0%| F|  |TAMS 0x000000008a700000| PB 0x000000008a700000| Untracked 
| 168|0x000000008a800000, 0x000000008a800000, 0x000000008a900000|  0%| F|  |TAMS 0x000000008a800000| PB 0x000000008a800000| Untracked 
| 169|0x000000008a900000, 0x000000008a980000, 0x000000008aa00000| 50%| E|  |TAMS 0x000000008a900000| PB 0x000000008a900000| Complete 
| 170|0x000000008aa00000, 0x000000008ab00000, 0x000000008ab00000|100%| E|CS|TAMS 0x000000008aa00000| PB 0x000000008aa00000| Complete 
|2037|0x00000000ff500000, 0x00000000ff600000, 0x00000000ff600000|100%| E|CS|TAMS 0x00000000ff500000| PB 0x00000000ff500000| Complete 
|2038|0x00000000ff600000, 0x00000000ff700000, 0x00000000ff700000|100%| O|  |TAMS 0x00000000ff700000| PB 0x00000000ff700000| Updating 
|2039|0x00000000ff700000, 0x00000000ff800000, 0x00000000ff800000|100%| E|CS|TAMS 0x00000000ff700000| PB 0x00000000ff700000| Complete 
|2040|0x00000000ff800000, 0x00000000ff900000, 0x00000000ff900000|100%| O|  |TAMS 0x00000000ff900000| PB 0x00000000ff900000| Untracked 
|2041|0x00000000ff900000, 0x00000000ffa00000, 0x00000000ffa00000|100%| O|  |TAMS 0x00000000ffa00000| PB 0x00000000ffa00000| Untracked 
|2042|0x00000000ffa00000, 0x00000000ffb00000, 0x00000000ffb00000|100%| O|  |TAMS 0x00000000ffb00000| PB 0x00000000ffb00000| Untracked 
|2043|0x00000000ffb00000, 0x00000000ffc00000, 0x00000000ffc00000|100%| O|  |TAMS 0x00000000ffc00000| PB 0x00000000ffc00000| Updating 
|2044|0x00000000ffc00000, 0x00000000ffd00000, 0x00000000ffd00000|100%| O|  |TAMS 0x00000000ffd00000| PB 0x00000000ffd00000| Untracked 
|2045|0x00000000ffd00000, 0x00000000ffe00000, 0x00000000ffe00000|100%| O|  |TAMS 0x00000000ffe00000| PB 0x00000000ffe00000| Updating 
|2046|0x00000000ffe00000, 0x00000000fff00000, 0x00000000fff00000|100%| O|  |TAMS 0x00000000fff00000| PB 0x00000000fff00000| Untracked 
|2047|0x00000000fff00000, 0x0000000100000000, 0x0000000100000000|100%| O|  |TAMS 0x0000000100000000| PB 0x0000000100000000| Untracked 

Card table byte_map: [0x0000013fb8bc0000,0x0000013fb8fc0000] _byte_map_base: 0x0000013fb87c0000

Marking Bits: (CMBitMap*) 0x0000013fa6394b90
 Bits: [0x0000013fb8fc0000, 0x0000013fbafc0000)

Polling page: 0x0000013fa5a40000

Metaspace:

Usage:
  Non-class:     96.98 MB used.
      Class:     14.49 MB used.
       Both:    111.47 MB used.

Virtual space:
  Non-class space:      128.00 MB reserved,      98.06 MB ( 77%) committed,  2 nodes.
      Class space:        1.00 GB reserved,      15.50 MB (  2%) committed,  1 nodes.
             Both:        1.12 GB reserved,     113.56 MB ( 10%) committed. 

Chunk freelists:
   Non-Class:  13.53 MB
       Class:  384.00 KB
        Both:  13.91 MB

MaxMetaspaceSize: unlimited
CompressedClassSpaceSize: 1.00 GB
Initial GC threshold: 21.00 MB
Current GC threshold: 164.81 MB
CDS: off
 - commit_granule_bytes: 65536.
 - commit_granule_words: 8192.
 - virtual_space_node_default_size: 8388608.
 - enlarge_chunks_in_place: 1.
 - use_allocation_guard: 0.


Internal statistics:

num_allocs_failed_limit: 9.
num_arena_births: 3930.
num_arena_deaths: 0.
num_vsnodes_births: 3.
num_vsnodes_deaths: 0.
num_space_committed: 1815.
num_space_uncommitted: 0.
num_chunks_returned_to_freelist: 9.
num_chunks_taken_from_freelist: 8350.
num_chunk_merges: 9.
num_chunk_splits: 5873.
num_chunks_enlarged: 4100.
num_inconsistent_stats: 0.

CodeHeap 'non-profiled nmethods': size=120000Kb used=3965Kb max_used=4244Kb free=116034Kb
 bounds [0x0000013fb0f60000, 0x0000013fb1390000, 0x0000013fb8490000]
CodeHeap 'profiled nmethods': size=120000Kb used=14992Kb max_used=15356Kb free=105007Kb
 bounds [0x0000013fa9490000, 0x0000013faa390000, 0x0000013fb09c0000]
CodeHeap 'non-nmethods': size=5760Kb used=3293Kb max_used=3307Kb free=2466Kb
 bounds [0x0000013fb09c0000, 0x0000013fb0d10000, 0x0000013fb0f60000]
 total_blobs=8752 nmethods=7669 adapters=986
 compilation: enabled
              stopped_count=0, restarted_count=0
 full_count=0

Compilation events (20 events):
Event: 24.921 Thread 0x0000013fbdc0d1c0 9049       3       org.jetbrains.kotlin.resolve.lazy.declarations.FileBasedDeclarationProviderFactory::packageExists (31 bytes)
Event: 24.922 Thread 0x0000013fbdc0d1c0 nmethod 9049 0x0000013faa387010 code [0x0000013faa387200, 0x0000013faa387600]
Event: 24.922 Thread 0x0000013fbdc0d1c0 9050       3       org.jetbrains.kotlin.descriptors.impl.ModuleDescriptorImpl::toString (85 bytes)
Event: 24.922 Thread 0x0000013fbdc0d1c0 nmethod 9050 0x0000013faa387790 code [0x0000013faa387a20, 0x0000013faa388238]
Event: 24.922 Thread 0x0000013fbdc0d1c0 9051       3       org.jetbrains.kotlin.renderer.DescriptorRendererImpl::render (65 bytes)
Event: 24.923 Thread 0x0000013fbdc0d1c0 nmethod 9051 0x0000013faa388610 code [0x0000013faa388900, 0x0000013faa3896d0]
Event: 24.923 Thread 0x0000013fbdc0d1c0 9052       3       org.jetbrains.kotlin.renderer.DescriptorRendererImpl$RenderDeclarationDescriptorVisitor::<init> (10 bytes)
Event: 24.923 Thread 0x0000013fbdc0d1c0 nmethod 9052 0x0000013faa389c90 code [0x0000013faa389e40, 0x0000013faa38a008]
Event: 24.923 Thread 0x0000013fbdc0d1c0 9053       3       org.jetbrains.kotlin.descriptors.impl.ModuleDescriptorImpl::accept (7 bytes)
Event: 24.924 Thread 0x0000013fbdc0d1c0 nmethod 9053 0x0000013faa38a110 code [0x0000013faa38a340, 0x0000013faa38aa20]
Event: 24.924 Thread 0x0000013fbdc0d1c0 9054       3       org.jetbrains.kotlin.descriptors.ModuleDescriptor$DefaultImpls::accept (15 bytes)
Event: 24.924 Thread 0x0000013fbdc0d1c0 nmethod 9054 0x0000013faa38ad10 code [0x0000013faa38af40, 0x0000013faa38b598]
Event: 24.924 Thread 0x0000013fbdc0d1c0 9055       3       org.jetbrains.kotlin.renderer.DescriptorRendererImpl$RenderDeclarationDescriptorVisitor::visitModuleDeclaration (13 bytes)
Event: 24.925 Thread 0x0000013fbdc0d1c0 nmethod 9055 0x0000013faa38b810 code [0x0000013faa38bae0, 0x0000013faa38c7b8]
Event: 24.930 Thread 0x0000013fbdc0d1c0 9059   !   3       jdk.internal.jrtfs.JrtDirectoryStream$1::hasNext (41 bytes)
Event: 24.930 Thread 0x0000013fbdc0d1c0 nmethod 9059 0x0000013faa38cc90 code [0x0000013faa38ce60, 0x0000013faa38d1f0]
Event: 24.932 Thread 0x0000013fbdc0d1c0 9061       3       org.jetbrains.kotlin.it.unimi.dsi.fastutil.objects.ObjectOpenHashSet::rehash (133 bytes)
Event: 24.933 Thread 0x0000013fbdc0d1c0 nmethod 9061 0x0000013faa38d390 code [0x0000013faa38d5c0, 0x0000013faa38dfc0]
Event: 24.933 Thread 0x0000013fbdc0d1c0 9062       3       org.jetbrains.kotlin.com.intellij.openapi.project.DumbService::getInstance (8 bytes)
Event: 24.933 Thread 0x0000013fbdc0d1c0 nmethod 9062 0x0000013faa38e410 code [0x0000013faa38e680, 0x0000013faa38efb8]

GC Heap History (20 events):
Event: 12.839 GC heap before
{Heap before GC invocations=23 (full 0):
 garbage-first heap   total 132096K, used 92639K [0x0000000080000000, 0x0000000100000000)
  region size 1024K, 18 young (18432K), 4 survivors (4096K)
 Metaspace       used 75803K, committed 77504K, reserved 1179648K
  class space    used 10484K, committed 11264K, reserved 1048576K
}
Event: 12.843 GC heap after
{Heap after GC invocations=24 (full 0):
 garbage-first heap   total 132096K, used 79827K [0x0000000080000000, 0x0000000100000000)
  region size 1024K, 3 young (3072K), 3 survivors (3072K)
 Metaspace       used 75803K, committed 77504K, reserved 1179648K
  class space    used 10484K, committed 11264K, reserved 1048576K
}
Event: 13.410 GC heap before
{Heap before GC invocations=25 (full 0):
 garbage-first heap   total 147456K, used 134099K [0x0000000080000000, 0x0000000100000000)
  region size 1024K, 42 young (43008K), 3 survivors (3072K)
 Metaspace       used 78716K, committed 80448K, reserved 1179648K
  class space    used 10827K, committed 11648K, reserved 1048576K
}
Event: 13.418 GC heap after
{Heap after GC invocations=26 (full 0):
 garbage-first heap   total 147456K, used 93073K [0x0000000080000000, 0x0000000100000000)
  region size 1024K, 6 young (6144K), 6 survivors (6144K)
 Metaspace       used 78716K, committed 80448K, reserved 1179648K
  class space    used 10827K, committed 11648K, reserved 1048576K
}
Event: 14.061 GC heap before
{Heap before GC invocations=26 (full 0):
 garbage-first heap   total 147456K, used 134033K [0x0000000080000000, 0x0000000100000000)
  region size 1024K, 45 young (46080K), 6 survivors (6144K)
 Metaspace       used 82266K, committed 83904K, reserved 1179648K
  class space    used 11240K, committed 12032K, reserved 1048576K
}
Event: 14.077 GC heap after
{Heap after GC invocations=27 (full 0):
 garbage-first heap   total 149504K, used 94208K [0x0000000080000000, 0x0000000100000000)
  region size 1024K, 6 young (6144K), 6 survivors (6144K)
 Metaspace       used 82266K, committed 83904K, reserved 1179648K
  class space    used 11240K, committed 12032K, reserved 1048576K
}
Event: 14.231 GC heap before
{Heap before GC invocations=27 (full 0):
 garbage-first heap   total 149504K, used 102400K [0x0000000080000000, 0x0000000100000000)
  region size 1024K, 15 young (15360K), 6 survivors (6144K)
 Metaspace       used 83252K, committed 84992K, reserved 1179648K
  class space    used 11342K, committed 12160K, reserved 1048576K
}
Event: 14.238 GC heap after
{Heap after GC invocations=28 (full 0):
 garbage-first heap   total 180224K, used 96104K [0x0000000080000000, 0x0000000100000000)
  region size 1024K, 2 young (2048K), 2 survivors (2048K)
 Metaspace       used 83252K, committed 84992K, reserved 1179648K
  class space    used 11342K, committed 12160K, reserved 1048576K
}
Event: 15.440 GC heap before
{Heap before GC invocations=29 (full 0):
 garbage-first heap   total 180224K, used 163688K [0x0000000080000000, 0x0000000100000000)
  region size 1024K, 62 young (63488K), 2 survivors (2048K)
 Metaspace       used 90318K, committed 92160K, reserved 1179648K
  class space    used 12034K, committed 12928K, reserved 1048576K
}
Event: 15.444 GC heap after
{Heap after GC invocations=30 (full 0):
 garbage-first heap   total 180224K, used 106322K [0x0000000080000000, 0x0000000100000000)
  region size 1024K, 6 young (6144K), 6 survivors (6144K)
 Metaspace       used 90318K, committed 92160K, reserved 1179648K
  class space    used 12034K, committed 12928K, reserved 1048576K
}
Event: 16.506 GC heap before
{Heap before GC invocations=30 (full 0):
 garbage-first heap   total 180224K, used 160594K [0x0000000080000000, 0x0000000100000000)
  region size 1024K, 59 young (60416K), 6 survivors (6144K)
 Metaspace       used 97594K, committed 99584K, reserved 1179648K
  class space    used 13002K, committed 13952K, reserved 1048576K
}
Event: 16.514 GC heap after
{Heap after GC invocations=31 (full 0):
 garbage-first heap   total 180224K, used 109258K [0x0000000080000000, 0x0000000100000000)
  region size 1024K, 4 young (4096K), 4 survivors (4096K)
 Metaspace       used 97594K, committed 99584K, reserved 1179648K
  class space    used 13002K, committed 13952K, reserved 1048576K
}
Event: 16.816 GC heap before
{Heap before GC invocations=31 (full 0):
 garbage-first heap   total 180224K, used 120522K [0x0000000080000000, 0x0000000100000000)
  region size 1024K, 16 young (16384K), 4 survivors (4096K)
 Metaspace       used 99145K, committed 101184K, reserved 1179648K
  class space    used 13187K, committed 14144K, reserved 1048576K
}
Event: 16.823 GC heap after
{Heap after GC invocations=32 (full 0):
 garbage-first heap   total 180224K, used 110194K [0x0000000080000000, 0x0000000100000000)
  region size 1024K, 5 young (5120K), 5 survivors (5120K)
 Metaspace       used 99145K, committed 101184K, reserved 1179648K
  class space    used 13187K, committed 14144K, reserved 1048576K
}
Event: 17.438 GC heap before
{Heap before GC invocations=33 (full 0):
 garbage-first heap   total 186368K, used 165490K [0x0000000080000000, 0x0000000100000000)
  region size 1024K, 58 young (59392K), 5 survivors (5120K)
 Metaspace       used 101538K, committed 103616K, reserved 1179648K
  class space    used 13448K, committed 14400K, reserved 1048576K
}
Event: 17.444 GC heap after
{Heap after GC invocations=34 (full 0):
 garbage-first heap   total 186368K, used 114196K [0x0000000080000000, 0x0000000100000000)
  region size 1024K, 6 young (6144K), 6 survivors (6144K)
 Metaspace       used 101538K, committed 103616K, reserved 1179648K
  class space    used 13448K, committed 14400K, reserved 1048576K
}
Event: 18.547 GC heap before
{Heap before GC invocations=34 (full 0):
 garbage-first heap   total 186368K, used 168468K [0x0000000080000000, 0x0000000100000000)
  region size 1024K, 59 young (60416K), 6 survivors (6144K)
 Metaspace       used 106724K, committed 108864K, reserved 1179648K
  class space    used 14002K, committed 15040K, reserved 1048576K
}
Event: 18.556 GC heap after
{Heap after GC invocations=35 (full 0):
 garbage-first heap   total 186368K, used 117217K [0x0000000080000000, 0x0000000100000000)
  region size 1024K, 8 young (8192K), 8 survivors (8192K)
 Metaspace       used 106724K, committed 108864K, reserved 1179648K
  class space    used 14002K, committed 15040K, reserved 1048576K
}
Event: 24.858 GC heap before
{Heap before GC invocations=35 (full 0):
 garbage-first heap   total 186368K, used 167393K [0x0000000080000000, 0x0000000100000000)
  region size 1024K, 57 young (58368K), 8 survivors (8192K)
 Metaspace       used 113810K, committed 115968K, reserved 1179648K
  class space    used 14807K, committed 15872K, reserved 1048576K
}
Event: 24.865 GC heap after
{Heap after GC invocations=36 (full 0):
 garbage-first heap   total 186368K, used 120656K [0x0000000080000000, 0x0000000100000000)
  region size 1024K, 8 young (8192K), 8 survivors (8192K)
 Metaspace       used 113810K, committed 115968K, reserved 1179648K
  class space    used 14807K, committed 15872K, reserved 1048576K
}

Dll operation events (3 events):
Event: 0.015 Loaded shared library C:\Program Files\Android\Android Studio\jbr\bin\java.dll
Event: 0.031 Loaded shared library C:\Program Files\Android\Android Studio\jbr\bin\zip.dll
Event: 0.809 Loaded shared library C:\Program Files\Android\Android Studio\jbr\bin\verify.dll

Deoptimization events (20 events):
Event: 18.381 Thread 0x0000013fc3e432a0 Uncommon trap: trap_request=0xffffffde fr.pc=0x0000013fb1323954 relative=0x0000000000000414
Event: 18.381 Thread 0x0000013fc3e432a0 Uncommon trap: reason=class_check action=maybe_recompile pc=0x0000013fb1323954 method=org.jetbrains.kotlin.storage.LockBasedStorageManager$LockBasedLazyValue.invoke()Ljava/lang/Object; @ 24 c2
Event: 18.381 Thread 0x0000013fc3e432a0 DEOPT PACKING pc=0x0000013fb1323954 sp=0x0000001731cf33a0
Event: 18.381 Thread 0x0000013fc3e432a0 DEOPT UNPACKING pc=0x0000013fb0a17da2 sp=0x0000001731cf3288 mode 2
Event: 18.716 Thread 0x0000013fc3e432a0 Uncommon trap: trap_request=0xffffffbe fr.pc=0x0000013fb133985c relative=0x000000000000185c
Event: 18.716 Thread 0x0000013fc3e432a0 Uncommon trap: reason=profile_predicate action=maybe_recompile pc=0x0000013fb133985c method=org.jetbrains.kotlin.serialization.deserialization.descriptors.DeserializedPackageMemberScope.hasClass(Lorg/jetbrains/kotlin/name/Name;)Z @ 65 c2
Event: 18.716 Thread 0x0000013fc3e432a0 DEOPT PACKING pc=0x0000013fb133985c sp=0x0000001731cf4140
Event: 18.716 Thread 0x0000013fc3e432a0 DEOPT UNPACKING pc=0x0000013fb0a17da2 sp=0x0000001731cf4090 mode 2
Event: 19.159 Thread 0x0000013fc3e432a0 Uncommon trap: trap_request=0xffffff45 fr.pc=0x0000013fb122657c relative=0x000000000000085c
Event: 19.159 Thread 0x0000013fc3e432a0 Uncommon trap: reason=unstable_if action=reinterpret pc=0x0000013fb122657c method=org.jetbrains.kotlin.metadata.ProtoBuf$Type.getSerializedSize()I @ 176 c2
Event: 19.159 Thread 0x0000013fc3e432a0 DEOPT PACKING pc=0x0000013fb122657c sp=0x0000001731cf3230
Event: 19.159 Thread 0x0000013fc3e432a0 DEOPT UNPACKING pc=0x0000013fb0a17da2 sp=0x0000001731cf31d0 mode 2
Event: 19.159 Thread 0x0000013fc3e432a0 Uncommon trap: trap_request=0xffffff45 fr.pc=0x0000013fb130e8a0 relative=0x0000000000001300
Event: 19.159 Thread 0x0000013fc3e432a0 Uncommon trap: reason=unstable_if action=reinterpret pc=0x0000013fb130e8a0 method=org.jetbrains.kotlin.metadata.ProtoBuf$Type.writeTo(Lorg/jetbrains/kotlin/protobuf/CodedOutputStream;)V @ 160 c2
Event: 19.159 Thread 0x0000013fc3e432a0 DEOPT PACKING pc=0x0000013fb130e8a0 sp=0x0000001731cf31a0
Event: 19.159 Thread 0x0000013fc3e432a0 DEOPT UNPACKING pc=0x0000013fb0a17da2 sp=0x0000001731cf3198 mode 2
Event: 21.393 Thread 0x0000013fc3e432a0 Uncommon trap: trap_request=0xfffffff4 fr.pc=0x0000013fb135db40 relative=0x00000000000001a0
Event: 21.393 Thread 0x0000013fc3e432a0 Uncommon trap: reason=null_check action=make_not_entrant pc=0x0000013fb135db40 method=java.lang.reflect.Array.newInstance(Ljava/lang/Class;I)Ljava/lang/Object; @ 2 c2
Event: 21.393 Thread 0x0000013fc3e432a0 DEOPT PACKING pc=0x0000013fb135db40 sp=0x0000001731cf5030
Event: 21.393 Thread 0x0000013fc3e432a0 DEOPT UNPACKING pc=0x0000013fb0a17da2 sp=0x0000001731cf4fc8 mode 2

Classes loaded (20 events):
Event: 16.018 Loading class java/io/NotSerializableException
Event: 16.018 Loading class java/io/NotSerializableException done
Event: 16.071 Loading class java/util/AbstractList$ListItr
Event: 16.072 Loading class java/util/AbstractList$ListItr done
Event: 16.388 Loading class java/util/function/IntUnaryOperator
Event: 16.389 Loading class java/util/function/IntUnaryOperator done
Event: 16.491 Loading class java/util/AbstractList$SubList
Event: 16.491 Loading class java/util/AbstractList$SubList done
Event: 16.491 Loading class java/util/AbstractList$SubList$1
Event: 16.491 Loading class java/util/AbstractList$SubList$1 done
Event: 16.682 Loading class java/util/EnumMap$EntrySet
Event: 16.683 Loading class java/util/EnumMap$EntrySet done
Event: 16.683 Loading class java/util/EnumMap$EntryIterator
Event: 16.683 Loading class java/util/EnumMap$EnumMapIterator
Event: 16.683 Loading class java/util/EnumMap$EnumMapIterator done
Event: 16.683 Loading class java/util/EnumMap$EntryIterator done
Event: 16.683 Loading class java/util/EnumMap$EntryIterator$Entry
Event: 16.684 Loading class java/util/EnumMap$EntryIterator$Entry done
Event: 17.574 Loading class java/util/AbstractList$RandomAccessSubList
Event: 17.574 Loading class java/util/AbstractList$RandomAccessSubList done

Classes unloaded (0 events):
No events

Classes redefined (0 events):
No events

Internal exceptions (20 events):
Event: 16.786 Thread 0x0000013fc3e432a0 Exception <a 'java/lang/NoSuchMethodError'{0x0000000089dacd00}: 'java.lang.Object java.lang.invoke.DirectMethodHandle$Holder.newInvokeSpecial(java.lang.Object, java.lang.Object, java.lang.Object, java.lang.Object, java.lang.Object, int, java.lang.Object)'> (0x0000000089dacd00) 
thrown [s\src\hotspot\share\interpreter\linkResolver.cpp, line 784]
Event: 16.786 Thread 0x0000013fc3e432a0 Exception <a 'java/lang/NoSuchMethodError'{0x0000000089db61e0}: 'java.lang.Object java.lang.invoke.Invokers$Holder.linkToTargetMethod(java.lang.Object, java.lang.Object, java.lang.Object, java.lang.Object, int, java.lang.Object, java.lang.Object)'> (0x0000000089db61e0) 
thrown [s\src\hotspot\share\interpreter\linkResolver.cpp, line 784]
Event: 16.936 Thread 0x0000013fc3e432a0 Exception <a 'java/lang/NoSuchMethodError'{0x000000008910de88}: 'java.lang.Object java.lang.invoke.DirectMethodHandle$Holder.invokeStatic(java.lang.Object, java.lang.Object, java.lang.Object, java.lang.Object, int, java.lang.Object, java.lang.Object)'> (0x000000008910de88) 
thrown [s\src\hotspot\share\interpreter\linkResolver.cpp, line 784]
Event: 17.645 Thread 0x0000013fc3e432a0 Exception <a 'java/lang/NoSuchMethodError'{0x0000000089b47480}: 'java.lang.Object java.lang.invoke.DirectMethodHandle$Holder.invokeStatic(java.lang.Object, int, java.lang.Object, java.lang.Object, java.lang.Object, java.lang.Object, java.lang.Object, java.lang.Object)'> (0x0000000089b47480) 
thrown [s\src\hotspot\share\interpreter\linkResolver.cpp, line 784]
Event: 17.646 Thread 0x0000013fc3e432a0 Exception <a 'java/lang/NoSuchMethodError'{0x0000000089b52830}: 'java.lang.Object java.lang.invoke.DirectMethodHandle$Holder.newInvokeSpecial(java.lang.Object, int, java.lang.Object, java.lang.Object, java.lang.Object, java.lang.Object, java.lang.Object)'> (0x0000000089b52830) 
thrown [s\src\hotspot\share\interpreter\linkResolver.cpp, line 784]
Event: 17.646 Thread 0x0000013fc3e432a0 Exception <a 'java/lang/NoSuchMethodError'{0x0000000089b583c0}: 'java.lang.Object java.lang.invoke.DirectMethodHandle$Holder.invokeSpecial(java.lang.Object, java.lang.Object, int, java.lang.Object, java.lang.Object, java.lang.Object, java.lang.Object, java.lang.Object)'> (0x0000000089b583c0) 
thrown [s\src\hotspot\share\interpreter\linkResolver.cpp, line 784]
Event: 17.860 Thread 0x0000013fc3e432a0 Exception <a 'java/lang/NoSuchMethodError'{0x000000008931a158}: 'java.lang.Object java.lang.invoke.DirectMethodHandle$Holder.invokeStatic(java.lang.Object, int, java.lang.Object)'> (0x000000008931a158) 
thrown [s\src\hotspot\share\interpreter\linkResolver.cpp, line 784]
Event: 18.085 Thread 0x0000013fc3e432a0 Exception <a 'java/lang/NoSuchMethodError'{0x0000000088bd23e8}: 'java.lang.Object java.lang.invoke.DirectMethodHandle$Holder.newInvokeSpecial(java.lang.Object, java.lang.Object, java.lang.Object, java.lang.Object, java.lang.Object, java.lang.Object, java.lang.Object, int)'> (0x0000000088bd23e8) 
thrown [s\src\hotspot\share\interpreter\linkResolver.cpp, line 784]
Event: 18.085 Thread 0x0000013fc3e432a0 Exception <a 'java/lang/NoSuchMethodError'{0x0000000088bd8440}: 'java.lang.Object java.lang.invoke.DirectMethodHandle$Holder.invokeSpecial(java.lang.Object, java.lang.Object, java.lang.Object, java.lang.Object, java.lang.Object, java.lang.Object, java.lang.Object, java.lang.Object, int)'> (0x0000000088bd8440) 
thrown [s\src\hotspot\share\interpreter\linkResolver.cpp, line 784]
Event: 18.086 Thread 0x0000013fc3e432a0 Exception <a 'java/lang/NoSuchMethodError'{0x0000000088bddba8}: 'java.lang.Object java.lang.invoke.Invokers$Holder.linkToTargetMethod(java.lang.Object, java.lang.Object, java.lang.Object, java.lang.Object, java.lang.Object, java.lang.Object, int, java.lang.Object)'> (0x0000000088bddba8) 
thrown [s\src\hotspot\share\interpreter\linkResolver.cpp, line 784]
Event: 18.884 Thread 0x0000013fc3e432a0 Exception <a 'java/lang/NoSuchMethodError'{0x000000008a2047c8}: 'java.lang.Object java.lang.invoke.DirectMethodHandle$Holder.invokeStatic(java.lang.Object, java.lang.Object, int, int, java.lang.Object, java.lang.Object)'> (0x000000008a2047c8) 
thrown [s\src\hotspot\share\interpreter\linkResolver.cpp, line 784]
Event: 18.887 Thread 0x0000013fc3e432a0 Exception <a 'java/lang/NoSuchMethodError'{0x000000008a213de8}: 'java.lang.Object java.lang.invoke.Invokers$Holder.linkToTargetMethod(java.lang.Object, int, int, java.lang.Object, java.lang.Object)'> (0x000000008a213de8) 
thrown [s\src\hotspot\share\interpreter\linkResolver.cpp, line 784]
Event: 18.983 Thread 0x0000013fc3e432a0 Exception <a 'java/lang/NoSuchMethodError'{0x000000008a0ae878}: 'java.lang.Object java.lang.invoke.DirectMethodHandle$Holder.invokeStatic(java.lang.Object, java.lang.Object, java.lang.Object, int, int, java.lang.Object, java.lang.Object)'> (0x000000008a0ae878) 
thrown [s\src\hotspot\share\interpreter\linkResolver.cpp, line 784]
Event: 18.985 Thread 0x0000013fc3e432a0 Exception <a 'java/lang/NoSuchMethodError'{0x000000008a0b8090}: 'java.lang.Object java.lang.invoke.DirectMethodHandle$Holder.newInvokeSpecial(java.lang.Object, java.lang.Object, java.lang.Object, int, int, java.lang.Object)'> (0x000000008a0b8090) 
thrown [s\src\hotspot\share\interpreter\linkResolver.cpp, line 784]
Event: 18.987 Thread 0x0000013fc3e432a0 Exception <a 'java/lang/NoSuchMethodError'{0x000000008a0c0cd0}: 'java.lang.Object java.lang.invoke.Invokers$Holder.linkToTargetMethod(java.lang.Object, java.lang.Object, int, int, java.lang.Object, java.lang.Object)'> (0x000000008a0c0cd0) 
thrown [s\src\hotspot\share\interpreter\linkResolver.cpp, line 784]
Event: 18.990 Thread 0x0000013fc3e432a0 Exception <a 'java/lang/NoSuchMethodError'{0x000000008a0cd2a8}: 'java.lang.Object java.lang.invoke.DirectMethodHandle$Holder.invokeStatic(java.lang.Object, java.lang.Object, int, int, java.lang.Object)'> (0x000000008a0cd2a8) 
thrown [s\src\hotspot\share\interpreter\linkResolver.cpp, line 784]
Event: 19.045 Thread 0x0000013fc3e432a0 Exception <a 'java/lang/NoSuchMethodError'{0x0000000089fdb138}: 'java.lang.Object java.lang.invoke.DirectMethodHandle$Holder.newInvokeSpecial(java.lang.Object, java.lang.Object, java.lang.Object, int, int, java.lang.Object, java.lang.Object)'> (0x0000000089fdb138) 
thrown [s\src\hotspot\share\interpreter\linkResolver.cpp, line 784]
Event: 19.045 Thread 0x0000013fc3e432a0 Exception <a 'java/lang/NoSuchMethodError'{0x0000000089fe4520}: 'java.lang.Object java.lang.invoke.Invokers$Holder.linkToTargetMethod(java.lang.Object, java.lang.Object, int, int, java.lang.Object, java.lang.Object, java.lang.Object)'> (0x0000000089fe4520) 
thrown [s\src\hotspot\share\interpreter\linkResolver.cpp, line 784]
Event: 21.393 Thread 0x0000013fc3e432a0 Implicit null exception at 0x0000013fb135d9c1 to 0x0000013fb135db2c
Event: 21.516 Thread 0x0000013fc3e432a0 Exception <a 'java/lang/NoSuchMethodError'{0x00000000890d75e8}: 'java.lang.Object java.lang.invoke.DirectMethodHandle$Holder.invokeStaticInit(java.lang.Object, int, java.lang.Object, java.lang.Object, java.lang.Object)'> (0x00000000890d75e8) 
thrown [s\src\hotspot\share\interpreter\linkResolver.cpp, line 784]

ZGC Phase Switch (0 events):
No events

VM Operations (20 events):
Event: 18.556 Executing VM operation: G1CollectForAllocation (G1 Evacuation Pause) done
Event: 19.231 Executing VM operation: HandshakeAllThreads (Deoptimize)
Event: 19.231 Executing VM operation: HandshakeAllThreads (Deoptimize) done
Event: 20.243 Executing VM operation: Cleanup
Event: 20.305 Executing VM operation: Cleanup done
Event: 20.315 Executing VM operation: HandshakeAllThreads (Deoptimize)
Event: 20.315 Executing VM operation: HandshakeAllThreads (Deoptimize) done
Event: 21.326 Executing VM operation: Cleanup
Event: 21.367 Executing VM operation: Cleanup done
Event: 22.377 Executing VM operation: Cleanup
Event: 22.377 Executing VM operation: Cleanup done
Event: 23.384 Executing VM operation: Cleanup
Event: 23.384 Executing VM operation: Cleanup done
Event: 24.832 Executing VM operation: HandshakeAllThreads (Deoptimize)
Event: 24.832 Executing VM operation: HandshakeAllThreads (Deoptimize) done
Event: 24.832 Executing VM operation: Cleanup
Event: 24.832 Executing VM operation: Cleanup done
Event: 24.858 Executing VM operation: G1CollectForAllocation (G1 Evacuation Pause)
Event: 24.865 Executing VM operation: G1CollectForAllocation (G1 Evacuation Pause) done
Event: 24.951 Executing VM operation: G1PauseRemark

Memory protections (0 events):
No events

Nmethod flushes (20 events):
Event: 25.971 Thread 0x0000013fbdb88690 flushing  nmethod 0x0000013fa9f6d010
Event: 25.971 Thread 0x0000013fbdb88690 flushing  nmethod 0x0000013fa9960290
Event: 25.971 Thread 0x0000013fbdb88690 flushing  nmethod 0x0000013fa9a46b90
Event: 25.971 Thread 0x0000013fbdb88690 flushing  nmethod 0x0000013fa9ad6e10
Event: 25.971 Thread 0x0000013fbdb88690 flushing  nmethod 0x0000013fa9b8e790
Event: 25.971 Thread 0x0000013fbdb88690 flushing  nmethod 0x0000013fa9c93010
Event: 25.971 Thread 0x0000013fbdb88690 flushing  nmethod 0x0000013fa9e39310
Event: 25.971 Thread 0x0000013fbdb88690 flushing  nmethod 0x0000013fa9e39710
Event: 25.971 Thread 0x0000013fbdb88690 flushing  nmethod 0x0000013fa9edc010
Event: 25.971 Thread 0x0000013fbdb88690 flushing  nmethod 0x0000013fa9f09c10
Event: 25.971 Thread 0x0000013fbdb88690 flushing  nmethod 0x0000013fa9f10190
Event: 25.971 Thread 0x0000013fbdb88690 flushing  nmethod 0x0000013fa9f10610
Event: 25.971 Thread 0x0000013fbdb88690 flushing  nmethod 0x0000013fa9f10990
Event: 25.971 Thread 0x0000013fbdb88690 flushing  nmethod 0x0000013fa9f11310
Event: 25.971 Thread 0x0000013fbdb88690 flushing  nmethod 0x0000013fa9f12010
Event: 25.971 Thread 0x0000013fbdb88690 flushing  nmethod 0x0000013fa9f13610
Event: 25.971 Thread 0x0000013fbdb88690 flushing  nmethod 0x0000013fa9f14210
Event: 25.971 Thread 0x0000013fbdb88690 flushing  nmethod 0x0000013fa9f37910
Event: 25.971 Thread 0x0000013fbdb88690 flushing  nmethod 0x0000013fa9f38410
Event: 25.971 Thread 0x0000013fbdb88690 flushing  nmethod 0x0000013fa9ff2710

Events (20 events):
Event: 9.545 Thread 0x0000013fc3e432a0 Thread added: 0x0000013fc65bf3a0
Event: 9.547 Thread 0x0000013fc3e432a0 Thread added: 0x0000013fc65c0750
Event: 9.570 Thread 0x0000013fbdc0d1c0 Thread added: 0x0000013fc6e9c350
Event: 9.777 Thread 0x0000013fc3e432a0 Thread added: 0x0000013fc65c0de0
Event: 9.778 Thread 0x0000013fc3e432a0 Thread added: 0x0000013fc65be680
Event: 9.778 Thread 0x0000013fc3e432a0 Thread added: 0x0000013fc65bed10
Event: 9.779 Thread 0x0000013fc3e432a0 Thread added: 0x0000013fc65c00c0
Event: 9.780 Thread 0x0000013fc3e432a0 Thread added: 0x0000013fc65bfa30
Event: 9.780 Thread 0x0000013fc3e432a0 Thread added: 0x0000013fc65c1470
Event: 9.785 Thread 0x0000013fc3e432a0 Thread added: 0x0000013fc65bdff0
Event: 9.814 Thread 0x0000013fc3e432a0 Thread added: 0x0000013fc5fb0380
Event: 9.821 Thread 0x0000013fc3e432a0 Thread added: 0x0000013fc5fb1dc0
Event: 9.821 Thread 0x0000013fc3e432a0 Thread added: 0x0000013fc5fb2450
Event: 9.822 Thread 0x0000013fc3e432a0 Thread added: 0x0000013fc5fb2ae0
Event: 9.823 Thread 0x0000013fc3e432a0 Thread added: 0x0000013fc5fb1730
Event: 9.823 Thread 0x0000013fc3e432a0 Thread added: 0x0000013fc5fb3170
Event: 9.824 Thread 0x0000013fc3e432a0 Thread added: 0x0000013fc5fafcf0
Event: 11.021 Thread 0x0000013fc6e9c350 Thread exited: 0x0000013fc6e9c350
Event: 18.735 Thread 0x0000013fbdc0d1c0 Thread added: 0x0000013fcfc6abd0
Event: 18.904 Thread 0x0000013fcfc6abd0 Thread exited: 0x0000013fcfc6abd0


Dynamic libraries:
0x00007ff7afe60000 - 0x00007ff7afe6a000 	C:\Program Files\Android\Android Studio\jbr\bin\java.exe
0x00007ffd55a80000 - 0x00007ffd55ce6000 	C:\WINDOWS\SYSTEM32\ntdll.dll
0x00007ffd54640000 - 0x00007ffd54709000 	C:\WINDOWS\System32\KERNEL32.DLL
0x00007ffd532a0000 - 0x00007ffd5366c000 	C:\WINDOWS\System32\KERNELBASE.dll
0x00007ffd52fd0000 - 0x00007ffd5311b000 	C:\WINDOWS\System32\ucrtbase.dll
0x00007ffd1e190000 - 0x00007ffd1e1a8000 	C:\Program Files\Android\Android Studio\jbr\bin\jli.dll
0x00007ffcb6ad0000 - 0x00007ffcb6aeb000 	C:\Program Files\Android\Android Studio\jbr\bin\VCRUNTIME140.dll
0x00007ffd55250000 - 0x00007ffd5541a000 	C:\WINDOWS\System32\USER32.dll
0x00007ffd52c10000 - 0x00007ffd52c37000 	C:\WINDOWS\System32\win32u.dll
0x00007ffd30870000 - 0x00007ffd30b0a000 	C:\WINDOWS\WinSxS\amd64_microsoft.windows.common-controls_6595b64144ccf1df_6.0.26100.3912_none_3e07963ce335137e\COMCTL32.dll
0x00007ffd54f40000 - 0x00007ffd54f6b000 	C:\WINDOWS\System32\GDI32.dll
0x00007ffd543a0000 - 0x00007ffd54449000 	C:\WINDOWS\System32\msvcrt.dll
0x00007ffd53700000 - 0x00007ffd53832000 	C:\WINDOWS\System32\gdi32full.dll
0x00007ffd52d00000 - 0x00007ffd52da3000 	C:\WINDOWS\System32\msvcp_win.dll
0x00007ffd551b0000 - 0x00007ffd551e0000 	C:\WINDOWS\System32\IMM32.DLL
0x00007ffcc4890000 - 0x00007ffcc489c000 	C:\Program Files\Android\Android Studio\jbr\bin\vcruntime140_1.dll
0x00007ffcf1ce0000 - 0x00007ffcf1d6d000 	C:\Program Files\Android\Android Studio\jbr\bin\msvcp140.dll
0x00007ffcb5380000 - 0x00007ffcb600a000 	C:\Program Files\Android\Android Studio\jbr\bin\server\jvm.dll
0x00007ffd557f0000 - 0x00007ffd558a2000 	C:\WINDOWS\System32\ADVAPI32.dll
0x00007ffd53840000 - 0x00007ffd538e6000 	C:\WINDOWS\System32\sechost.dll
0x00007ffd554a0000 - 0x00007ffd555b6000 	C:\WINDOWS\System32\RPCRT4.dll
0x00007ffd555c0000 - 0x00007ffd55634000 	C:\WINDOWS\System32\WS2_32.dll
0x00007ffd48c80000 - 0x00007ffd48cb6000 	C:\WINDOWS\SYSTEM32\WINMM.dll
0x00007ffd48520000 - 0x00007ffd4852b000 	C:\WINDOWS\SYSTEM32\VERSION.dll
0x00007ffd52a80000 - 0x00007ffd52ade000 	C:\WINDOWS\SYSTEM32\POWRPROF.dll
0x00007ffd52a40000 - 0x00007ffd52a54000 	C:\WINDOWS\SYSTEM32\UMPDC.dll
0x00007ffd51990000 - 0x00007ffd519aa000 	C:\WINDOWS\SYSTEM32\kernel.appcore.dll
0x00007ffcb6ac0000 - 0x00007ffcb6aca000 	C:\Program Files\Android\Android Studio\jbr\bin\jimage.dll
0x00007ffd50510000 - 0x00007ffd50751000 	C:\WINDOWS\SYSTEM32\DBGHELP.DLL
0x00007ffd54bb0000 - 0x00007ffd54f34000 	C:\WINDOWS\System32\combase.dll
0x00007ffd54240000 - 0x00007ffd54320000 	C:\WINDOWS\System32\OLEAUT32.dll
0x00007ffd2e9d0000 - 0x00007ffd2ea09000 	C:\WINDOWS\SYSTEM32\dbgcore.DLL
0x00007ffd52f30000 - 0x00007ffd52fc9000 	C:\WINDOWS\System32\bcryptPrimitives.dll
0x00007ffd4a550000 - 0x00007ffd4a55e000 	C:\Program Files\Android\Android Studio\jbr\bin\instrument.dll
0x00007ffcb6aa0000 - 0x00007ffcb6ac0000 	C:\Program Files\Android\Android Studio\jbr\bin\java.dll
0x00007ffcb6a80000 - 0x00007ffcb6a98000 	C:\Program Files\Android\Android Studio\jbr\bin\zip.dll
0x00007ffd53910000 - 0x00007ffd5403d000 	C:\WINDOWS\System32\SHELL32.dll
0x00007ffd53120000 - 0x00007ffd53294000 	C:\WINDOWS\System32\wintypes.dll
0x00007ffd50840000 - 0x00007ffd51096000 	C:\WINDOWS\SYSTEM32\windows.storage.dll
0x00007ffd55940000 - 0x00007ffd55a2f000 	C:\WINDOWS\System32\SHCORE.dll
0x00007ffd54330000 - 0x00007ffd54399000 	C:\WINDOWS\System32\shlwapi.dll
0x00007ffd52b20000 - 0x00007ffd52b4f000 	C:\WINDOWS\SYSTEM32\profapi.dll
0x00007ffcb6a70000 - 0x00007ffcb6a80000 	C:\Program Files\Android\Android Studio\jbr\bin\net.dll
0x00007ffd4a650000 - 0x00007ffd4a76e000 	C:\WINDOWS\SYSTEM32\WINHTTP.dll
0x00007ffd51ee0000 - 0x00007ffd51f4a000 	C:\WINDOWS\system32\mswsock.dll
0x00007ffcb6a50000 - 0x00007ffcb6a66000 	C:\Program Files\Android\Android Studio\jbr\bin\nio.dll
0x00007ffcc3bb0000 - 0x00007ffcc3bc0000 	C:\Program Files\Android\Android Studio\jbr\bin\verify.dll
0x00007ffd1d210000 - 0x00007ffd1d237000 	C:\Users\HP\.gradle\native\c067742578af261105cb4f569cf0c3c89f3d7b1fecec35dd04571415982c5e48\windows-amd64\native-platform.dll
0x00007ffce5570000 - 0x00007ffce56b4000 	C:\Users\HP\.gradle\native\100fb08df4bc3b14c8652ba06237920a3bd2aa13389f12d3474272988ae205f9\windows-amd64\native-platform-file-events.dll
0x00007ffcb6750000 - 0x00007ffcb6759000 	C:\Program Files\Android\Android Studio\jbr\bin\management.dll
0x00007ffcb6740000 - 0x00007ffcb674b000 	C:\Program Files\Android\Android Studio\jbr\bin\management_ext.dll
0x00007ffd54040000 - 0x00007ffd54048000 	C:\WINDOWS\System32\PSAPI.DLL
0x00007ffd522a0000 - 0x00007ffd522bc000 	C:\WINDOWS\SYSTEM32\CRYPTSP.dll
0x00007ffd518f0000 - 0x00007ffd5192a000 	C:\WINDOWS\system32\rsaenh.dll
0x00007ffd51f80000 - 0x00007ffd51fab000 	C:\WINDOWS\SYSTEM32\USERENV.dll
0x00007ffd52af0000 - 0x00007ffd52b16000 	C:\WINDOWS\SYSTEM32\bcrypt.dll
0x00007ffd52110000 - 0x00007ffd5211c000 	C:\WINDOWS\SYSTEM32\CRYPTBASE.dll
0x00007ffd51400000 - 0x00007ffd51433000 	C:\WINDOWS\SYSTEM32\IPHLPAPI.DLL
0x00007ffd55050000 - 0x00007ffd5505a000 	C:\WINDOWS\System32\NSI.dll
0x00007ffd46860000 - 0x00007ffd46869000 	C:\Program Files\Android\Android Studio\jbr\bin\extnet.dll
0x00007ffd498c0000 - 0x00007ffd498c8000 	C:\WINDOWS\system32\wshunix.dll

dbghelp: loaded successfully - version: 4.0.5 - missing functions: none
symbol engine: initialized successfully - sym options: 0x614 - pdb path: .;C:\Program Files\Android\Android Studio\jbr\bin;C:\WINDOWS\SYSTEM32;C:\WINDOWS\WinSxS\amd64_microsoft.windows.common-controls_6595b64144ccf1df_6.0.26100.3912_none_3e07963ce335137e;C:\Program Files\Android\Android Studio\jbr\bin\server;C:\Users\HP\.gradle\native\c067742578af261105cb4f569cf0c3c89f3d7b1fecec35dd04571415982c5e48\windows-amd64;C:\Users\HP\.gradle\native\100fb08df4bc3b14c8652ba06237920a3bd2aa13389f12d3474272988ae205f9\windows-amd64

VM Arguments:
jvm_args: --add-opens=java.base/java.lang=ALL-UNNAMED --add-opens=java.base/java.lang.invoke=ALL-UNNAMED --add-opens=java.base/java.util=ALL-UNNAMED --add-opens=java.prefs/java.util.prefs=ALL-UNNAMED --add-exports=jdk.compiler/com.sun.tools.javac.api=ALL-UNNAMED --add-exports=jdk.compiler/com.sun.tools.javac.util=ALL-UNNAMED --add-opens=java.base/java.util=ALL-UNNAMED --add-opens=java.prefs/java.util.prefs=ALL-UNNAMED --add-opens=java.base/java.nio.charset=ALL-UNNAMED --add-opens=java.base/java.net=ALL-UNNAMED --add-opens=java.base/java.util.concurrent.atomic=ALL-UNNAMED --add-opens=java.xml/javax.xml.namespace=ALL-UNNAMED -Xmx2048m -Dfile.encoding=UTF-8 -Duser.country=ID -Duser.language=en -Duser.variant -javaagent:C:\Users\HP\.gradle\wrapper\dists\gradle-8.11.1-bin\bpt9gzteqjrbo1mjrsomdt32c\gradle-8.11.1\lib\agents\gradle-instrumentation-agent-8.11.1.jar 
java_command: org.gradle.launcher.daemon.bootstrap.GradleDaemon 8.11.1
java_class_path (initial): C:\Users\HP\.gradle\wrapper\dists\gradle-8.11.1-bin\bpt9gzteqjrbo1mjrsomdt32c\gradle-8.11.1\lib\gradle-daemon-main-8.11.1.jar
Launcher Type: SUN_STANDARD

[Global flags]
     intx CICompilerCount                          = 4                                         {product} {ergonomic}
     uint ConcGCThreads                            = 2                                         {product} {ergonomic}
     uint G1ConcRefinementThreads                  = 8                                         {product} {ergonomic}
   size_t G1HeapRegionSize                         = 1048576                                   {product} {ergonomic}
    uintx GCDrainStackTargetSize                   = 64                                        {product} {ergonomic}
   size_t InitialHeapSize                          = 130023424                                 {product} {ergonomic}
   size_t MarkStackSize                            = 4194304                                   {product} {ergonomic}
   size_t MaxHeapSize                              = 2147483648                                {product} {command line}
   size_t MaxNewSize                               = 1287651328                                {product} {ergonomic}
   size_t MinHeapDeltaBytes                        = 1048576                                   {product} {ergonomic}
   size_t MinHeapSize                              = 8388608                                   {product} {ergonomic}
    uintx NonNMethodCodeHeapSize                   = 5839372                                {pd product} {ergonomic}
    uintx NonProfiledCodeHeapSize                  = 122909434                              {pd product} {ergonomic}
    uintx ProfiledCodeHeapSize                     = 122909434                              {pd product} {ergonomic}
    uintx ReservedCodeCacheSize                    = 251658240                              {pd product} {ergonomic}
     bool SegmentedCodeCache                       = true                                      {product} {ergonomic}
   size_t SoftMaxHeapSize                          = 2147483648                             {manageable} {ergonomic}
     bool UseCompressedOops                        = true                           {product lp64_product} {ergonomic}
     bool UseG1GC                                  = true                                      {product} {ergonomic}
     bool UseLargePagesIndividualAllocation        = false                                  {pd product} {ergonomic}

Logging:
Log output configuration:
 #0: stdout all=warning uptime,level,tags foldmultilines=false
 #1: stderr all=off uptime,level,tags foldmultilines=false

Environment Variables:
JAVA_HOME=C:\Program Files\Java\jdk-11
PATH=C:\Program Files\Python311\Scripts\;C:\Program Files\Python311\;C:\spark-3.5.5\bin;C:\Python313\;C:\WINDOWS\system32;C:\WINDOWS;C:\WINDOWS\System32\Wbem;C:\WINDOWS\System32\WindowsPowerShell\v1.0\;C:\WINDOWS\System32\OpenSSH\;C:\Program Files\nodejs\;C:\ProgramData\chocolatey\bin;C:\php-8.4.3;C:\ProgramData\ComposerSetup\bin;C:\hadoop-3.4.1\bin;C:\hadoop-3.4.1\sbin;C:\Program Files\Java\jdk-11\bin;C:\Program Files\Common Files\Oracle\Java\javapath;C:\Program Files\Git\cmd;C:\Users\HP\AppData\Local\Android\Sdk\platform-tools;C:\Program Files\Docker\Docker\resources\bin;C:\Program Files\PowerShell\7\;C:\ffmpeg\bin;C:\Users\HP\AppData\Local\Programs\oh-my-posh\bin\;C:\Ruby33-x64\bin;C:\Users\HP\.console-ninja\.bin;C:\Users\HP\AppData\Local\Microsoft\WindowsApps;C:\Users\HP\AppData\Local\Programs\Microsoft VS Code\bin;C:\Users\HP\AppData\Roaming\npm;C:\Users\HP\AppData\Roaming\Composer\vendor\bin;C:\Users\HP\AppData\Local\Microsoft\WindowsApps;C:\Program Files\Java\jdk-11\bin;C:\Program Files (x86)\Nmap
USERNAME=HP
OS=Windows_NT
PROCESSOR_IDENTIFIER=Intel64 Family 6 Model 140 Stepping 1, GenuineIntel
TMP=C:\Users\HP\AppData\Local\Temp
TEMP=C:\Users\HP\AppData\Local\Temp




Periodic native trim disabled

JNI global refs:
JNI global refs: 27, weak refs: 4

JNI global refs memory usage: 835, weak refs: 833

Process memory usage:
Resident Set Size: 371104K (4% of 8061192K total physical memory with 276472K free physical memory)

OOME stack traces (most recent first):
Classloader memory used:
Loader org.gradle.internal.classloader.VisitableURLClassLoader                         : 81069K
Loader bootstrap                                                                       : 24006K
Loader org.gradle.initialization.MixInLegacyTypesClassLoader                           : 6432K
Loader org.gradle.internal.classloader.VisitableURLClassLoader                         : 711K
Loader org.gradle.internal.classloader.VisitableURLClassLoader$InstrumentingVisitableURLClassLoader: 572K
Loader jdk.internal.loader.ClassLoaders$PlatformClassLoader                            : 498K
Loader jdk.internal.jrtfs.JrtFileSystemProvider$JrtFsLoader                            : 331K
Loader jdk.internal.loader.ClassLoaders$AppClassLoader                                 : 234K
Loader jdk.internal.reflect.DelegatingClassLoader                                      : 157K
Loader org.gradle.groovy.scripts.internal.DefaultScriptCompilationHandler$ScriptClassLoader: 89032B
Loader org.codehaus.groovy.runtime.callsite.CallSiteClassLoader                        : 48680B

Classes loaded by more than one classloader:
Class org.gradle.api.GradleException                                                  : loaded 3 times (x 78B)
Class org.gradle.internal.classloader.FilteringClassLoader                            : loaded 2 times (x 101B)
Class jdk.internal.jimage.BasicImageReader                                            : loaded 2 times (x 91B)
Class org.gradle.internal.classloader.ClassLoaderHierarchy                            : loaded 2 times (x 66B)
Class org.gradle.api.internal.classpath.ManifestUtil                                  : loaded 2 times (x 67B)
Class jdk.internal.jimage.decompressor.StringSharingDecompressorFactory               : loaded 2 times (x 70B)
Class org.gradle.internal.operations.MultipleBuildOperationFailures                   : loaded 2 times (x 91B)
Class org.gradle.internal.classloader.DefaultClassLoaderFactory                       : loaded 2 times (x 78B)
Class kotlin.collections.AbstractList$Companion                                       : loaded 2 times (x 67B)
Class org.gradle.internal.classloader.ClassLoaderVisitor                              : loaded 2 times (x 72B)
Class org.gradle.api.internal.classpath.EffectiveClassPath                            : loaded 2 times (x 86B)
Class org.gradle.api.internal.DefaultClassPathProvider                                : loaded 2 times (x 72B)
Class [Lorg.gradle.api.internal.ClassPathProvider;                                    : loaded 2 times (x 65B)
Class org.gradle.api.internal.ClassPathProvider                                       : loaded 2 times (x 66B)
Class jdk.internal.jrtfs.SystemImage                                                  : loaded 2 times (x 70B)
Class org.gradle.internal.service.UnknownServiceException                             : loaded 2 times (x 79B)
Class org.gradle.internal.classpath.TransformedClassPath                              : loaded 2 times (x 92B)
Class org.gradle.internal.classloader.InstrumentingClassLoader                        : loaded 2 times (x 66B)
Class jdk.internal.jrtfs.SystemImage$1                                                : loaded 2 times (x 74B)
Class kotlin.enums.EnumEntriesList                                                    : loaded 2 times (x 219B)
Class jdk.internal.jrtfs.SystemImage$2                                                : loaded 2 times (x 72B)
Class org.gradle.internal.service.ServiceLocator                                      : loaded 2 times (x 66B)
Class jdk.internal.jrtfs.JrtFileSystemProvider                                        : loaded 2 times (x 97B)
Class jdk.internal.jimage.ImageLocation                                               : loaded 2 times (x 86B)
Class jdk.internal.jrtfs.JrtDirectoryStream$1                                         : loaded 2 times (x 79B)
Class org.gradle.internal.InternalTransformer                                         : loaded 2 times (x 66B)
Class jdk.internal.jimage.ImageBufferCache$1                                          : loaded 2 times (x 79B)
Class org.gradle.internal.time.DefaultTimer                                           : loaded 2 times (x 76B)
Class org.gradle.internal.classloader.ClasspathUtil$1                                 : loaded 2 times (x 72B)
Class jdk.internal.jimage.ImageBufferCache$2                                          : loaded 2 times (x 87B)
Class org.gradle.api.internal.classpath.DefaultModuleRegistry$DefaultModule           : loaded 2 times (x 82B)
Class org.gradle.internal.time.DefaultCountdownTimer                                  : loaded 2 times (x 84B)
Class kotlin.Function                                                                 : loaded 2 times (x 66B)
Class org.gradle.api.internal.classpath.Module                                        : loaded 2 times (x 66B)
Class org.gradle.api.internal.classpath.UnknownModuleException                        : loaded 2 times (x 78B)
Class jdk.internal.jimage.ImageHeader                                                 : loaded 2 times (x 67B)
Class org.gradle.api.internal.DefaultClassPathRegistry                                : loaded 2 times (x 72B)
Class org.gradle.api.internal.ClassPathRegistry                                       : loaded 2 times (x 66B)
Class org.gradle.internal.classpath.DefaultClassPath$ImmutableUniqueList              : loaded 2 times (x 195B)
Class jdk.internal.jimage.decompressor.ResourceDecompressor                           : loaded 2 times (x 66B)
Class org.gradle.internal.classpath.ClassPath                                         : loaded 2 times (x 66B)
Class org.gradle.api.UncheckedIOException                                             : loaded 2 times (x 78B)
Class jdk.internal.jimage.ImageStringsReader                                          : loaded 2 times (x 76B)
Class kotlin.UninitializedPropertyAccessException                                     : loaded 2 times (x 78B)
Class jdk.internal.jimage.ImageReader                                                 : loaded 2 times (x 71B)
Class jdk.internal.jimage.ImageReader$SharedImageReader                               : loaded 2 times (x 91B)
Class ijInit1_583rg5s0srppob1w8gtbg54mn                                               : loaded 2 times (x 175B)
Class org.gradle.internal.installation.GradleInstallation$1                           : loaded 2 times (x 71B)
Class org.gradle.api.internal.classpath.ModuleRegistry                                : loaded 2 times (x 66B)
Class jdk.internal.jimage.decompressor.ResourceDecompressorFactory                    : loaded 2 times (x 70B)
Class jdk.internal.jimage.ImageReader$Node                                            : loaded 2 times (x 80B)
Class org.gradle.api.internal.classpath.DefaultModuleRegistry                         : loaded 2 times (x 82B)
Class jdk.internal.jimage.BasicImageReader$1                                          : loaded 2 times (x 73B)
Class jdk.internal.jimage.decompressor.Decompressor                                   : loaded 2 times (x 68B)
Class jdk.internal.jimage.ImageReader$Resource                                        : loaded 2 times (x 80B)
Class org.gradle.internal.time.MonotonicClock                                         : loaded 2 times (x 73B)
Class org.gradle.internal.service.ServiceLookupException                              : loaded 2 times (x 78B)
Class jdk.internal.jrtfs.JrtFileAttributes                                            : loaded 2 times (x 79B)
Class org.gradle.internal.classloader.ClassLoaderFactory                              : loaded 2 times (x 66B)
Class org.gradle.internal.service.CachingServiceLocator                               : loaded 2 times (x 78B)
Class org.gradle.internal.time.TimeSource                                             : loaded 2 times (x 66B)
Class kotlin.enums.EnumEntries                                                        : loaded 2 times (x 66B)
Class org.gradle.internal.exceptions.ResolutionProvider                               : loaded 2 times (x 66B)
Class jdk.internal.jimage.ImageBufferCache                                            : loaded 2 times (x 67B)
Class jdk.internal.jrtfs.JrtPath                                                      : loaded 2 times (x 114B)
Class org.gradle.internal.classloader.ClasspathUtil                                   : loaded 2 times (x 67B)
Class org.gradle.internal.time.TimeSource$1                                           : loaded 2 times (x 73B)
Class kotlin.jvm.internal.DefaultConstructorMarker                                    : loaded 2 times (x 67B)
Class org.gradle.api.specs.Spec                                                       : loaded 2 times (x 66B)
Class jdk.internal.jimage.ImageReader$SharedImageReader$LocationVisitor               : loaded 2 times (x 66B)
Class jdk.internal.jimage.decompressor.ResourceDecompressorRepository                 : loaded 2 times (x 67B)
Class org.gradle.internal.time.Clock                                                  : loaded 2 times (x 66B)
Class jdk.internal.jimage.ImageReader$Directory                                       : loaded 2 times (x 80B)
Class kotlin.collections.AbstractList                                                 : loaded 2 times (x 193B)
Class kotlin.collections.AbstractCollection                                           : loaded 2 times (x 113B)
Class org.gradle.internal.classloader.VisitableURLClassLoader$InstrumentingVisitableURLClassLoader: loaded 2 times (x 119B)
Class org.gradle.internal.classloader.VisitableURLClassLoader$Spec                    : loaded 2 times (x 70B)
Class org.gradle.internal.classpath.DefaultClassPath                                  : loaded 2 times (x 86B)
Class jdk.internal.jimage.decompressor.ZipDecompressorFactory                         : loaded 2 times (x 70B)
Class org.gradle.internal.classloader.ClassLoaderSpec                                 : loaded 2 times (x 67B)
Class kotlin.Unit                                                                     : loaded 2 times (x 67B)
Class org.gradle.internal.classloader.VisitableURLClassLoader                         : loaded 2 times (x 113B)
Class org.gradle.internal.Cast                                                        : loaded 2 times (x 67B)
Class org.gradle.api.Action                                                           : loaded 2 times (x 66B)
Class jdk.internal.jimage.decompressor.ZipDecompressor                                : loaded 2 times (x 71B)
Class kotlin.jvm.functions.Function1                                                  : loaded 2 times (x 66B)
Class org.gradle.internal.classpath.DefaultClassPath$ImmutableUniqueList$Builder      : loaded 2 times (x 71B)
Class kotlin.NotImplementedError                                                      : loaded 2 times (x 78B)
Class org.gradle.internal.exceptions.NonGradleCauseExceptionsHolder                   : loaded 2 times (x 66B)
Class jdk.internal.jimage.ImageStrings                                                : loaded 2 times (x 66B)
Class sync_studio_tooling1_51kh3wy35c6lc6sx6qjahimsk                                  : loaded 2 times (x 175B)
Class org.jetbrains.plugins.gradle.tooling.ModelBuilderService$Parameter              : loaded 2 times (x 66B)
Class kotlin.enums.EnumEntriesKt                                                      : loaded 2 times (x 67B)
Class org.gradle.internal.IoActions                                                   : loaded 2 times (x 67B)
Class org.gradle.internal.classloader.SystemClassLoaderSpec                           : loaded 2 times (x 67B)
Class org.gradle.internal.exceptions.MultiCauseException                              : loaded 2 times (x 66B)
Class org.gradle.internal.time.CountdownTimer                                         : loaded 2 times (x 66B)
Class kotlin.jvm.internal.Intrinsics                                                  : loaded 2 times (x 67B)
Class jdk.internal.jrtfs.JrtFileSystem                                                : loaded 2 times (x 98B)
Class org.gradle.tooling.model.ProjectModel                                           : loaded 2 times (x 66B)
Class jdk.internal.jimage.decompressor.CompressedResourceHeader                       : loaded 2 times (x 67B)
Class kotlin.KotlinNullPointerException                                               : loaded 2 times (x 79B)
Class org.gradle.internal.exceptions.DefaultMultiCauseException                       : loaded 2 times (x 91B)
Class org.gradle.internal.time.Time                                                   : loaded 2 times (x 67B)
Class org.gradle.api.internal.classpath.GlobalCacheRootsProvider                      : loaded 2 times (x 66B)
Class org.gradle.internal.time.Timer                                                  : loaded 2 times (x 66B)
Class kotlin.jvm.internal.markers.KMappedMarker                                       : loaded 2 times (x 66B)
Class org.gradle.internal.installation.CurrentGradleInstallationLocator               : loaded 2 times (x 67B)
Class org.gradle.internal.service.DefaultServiceLocator                               : loaded 2 times (x 79B)
Class jdk.internal.jrtfs.JrtDirectoryStream                                           : loaded 2 times (x 85B)
Class org.gradle.util.GradleVersion                                                   : loaded 2 times (x 79B)
Class org.gradle.internal.installation.CurrentGradleInstallation                      : loaded 2 times (x 69B)
Class org.gradle.util.internal.GUtil                                                  : loaded 2 times (x 67B)
Class org.gradle.internal.installation.GradleInstallation                             : loaded 2 times (x 71B)
Class jdk.internal.jimage.decompressor.ResourceDecompressor$StringsProvider           : loaded 2 times (x 66B)

---------------  S Y S T E M  ---------------

OS:
 Windows 11 , 64 bit Build 26100 (10.0.26100.3912)
OS uptime: 0 days 2:26 hours
Hyper-V role detected

CPU: total 8 (initial active 8) (4 cores per cpu, 2 threads per core) family 6 model 140 stepping 1 microcode 0xba, cx8, cmov, fxsr, ht, mmx, 3dnowpref, sse, sse2, sse3, ssse3, sse4.1, sse4.2, popcnt, lzcnt, tsc, tscinvbit, avx, avx2, aes, erms, clmul, bmi1, bmi2, adx, avx512f, avx512dq, avx512cd, avx512bw, avx512vl, sha, fma, vzeroupper, avx512_vpopcntdq, avx512_vpclmulqdq, avx512_vaes, avx512_vnni, clflush, clflushopt, clwb, avx512_vbmi2, avx512_vbmi, hv, rdtscp, rdpid, fsrm, gfni, avx512_bitalg, f16c, cet_ibt, cet_ss, avx512_ifma
Processor Information for all 8 processors :
  Max Mhz: 1997, Current Mhz: 1997, Mhz Limit: 1997

Memory: 4k page, system-wide physical 7872M (269M free)
TotalPageFile size 23264M (AvailPageFile size 19M)
current process WorkingSet (physical memory assigned to process): 366M, peak: 435M
current process commit charge ("private bytes"): 481M, peak: 495M

vm_info: OpenJDK 64-Bit Server VM (21.0.5+-12932927-b750.29) for windows-amd64 JRE (21.0.5+-12932927-b750.29), built on 2025-01-17T02:01:10Z by "builder" with MS VC++ 16.10 / 16.11 (VS2019)

END.
